<?xml version="1.0" encoding="UTF-8"?>
<coverage generated="1564350742461" clover="3.2.0">
  <project timestamp="1564350742461" name="All files">
    <metrics statements="17" coveredstatements="7" conditionals="506" coveredconditionals="102" methods="76" coveredmethods="33" elements="599" coveredelements="142" complexity="0" loc="17" ncloc="17" packages="1" files="1" classes="1"/>
    <file name="index.js" path="/mnt/c/tmp/QSP/qsp-core/lib/index.js">
      <metrics statements="17" coveredstatements="7" conditionals="506" coveredconditionals="102" methods="76" coveredmethods="33"/>
      <line num="1" count="235" type="cond" truecount="14" falsecount="70"/>
      <line num="3" count="0" type="stmt"/>
      <line num="5" count="3" type="cond" truecount="1" falsecount="1"/>
      <line num="7" count="0" type="stmt"/>
      <line num="9" count="0" type="stmt"/>
      <line num="11" count="0" type="stmt"/>
      <line num="13" count="0" type="stmt"/>
      <line num="15" count="0" type="stmt"/>
      <line num="17" count="0" type="cond" truecount="0" falsecount="2"/>
      <line num="19" count="0" type="stmt"/>
      <line num="21" count="1" type="stmt"/>
      <line num="23" count="0" type="stmt"/>
      <line num="25" count="3" type="stmt"/>
      <line num="27" count="0" type="stmt"/>
      <line num="29" count="111" type="cond" truecount="87" falsecount="331"/>
      <line num="32" count="7" type="stmt"/>
      <line num="74" count="3" type="stmt"/>
    </file>
  </project>
</coverage>
