{"/mnt/c/tmp/QSP/qsp-core/lib/index.js": {"path":"/mnt/c/tmp/QSP/qsp-core/lib/index.js","statementMap":{"0":{"start":{"line":1,"column":0},"end":{"line":74,"column":422}},"1":{"start":{"line":1,"column":33},"end":{"line":1,"column":35}},"2":{"start":{"line":1,"column":50},"end":{"line":1,"column":78}},"3":{"start":{"line":1,"column":58},"end":{"line":1,"column":78}},"4":{"start":{"line":1,"column":84},"end":{"line":1,"column":110}},"5":{"start":{"line":1,"column":111},"end":{"line":1,"column":169}},"6":{"start":{"line":1,"column":170},"end":{"line":1,"column":930}},"7":{"start":{"line":1,"column":209},"end":{"line":1,"column":267}},"8":{"start":{"line":1,"column":285},"end":{"line":1,"column":442}},"9":{"start":{"line":1,"column":462},"end":{"line":1,"column":492}},"10":{"start":{"line":1,"column":483},"end":{"line":1,"column":492}},"11":{"start":{"line":1,"column":492},"end":{"line":1,"column":545}},"12":{"start":{"line":1,"column":536},"end":{"line":1,"column":545}},"13":{"start":{"line":1,"column":551},"end":{"line":1,"column":570}},"14":{"start":{"line":1,"column":571},"end":{"line":1,"column":726}},"15":{"start":{"line":1,"column":664},"end":{"line":1,"column":726}},"16":{"start":{"line":1,"column":679},"end":{"line":1,"column":726}},"17":{"start":{"line":1,"column":699},"end":{"line":1,"column":710}},"18":{"start":{"line":1,"column":726},"end":{"line":1,"column":734}},"19":{"start":{"line":1,"column":758},"end":{"line":1,"column":823}},"20":{"start":{"line":1,"column":785},"end":{"line":1,"column":801}},"21":{"start":{"line":1,"column":814},"end":{"line":1,"column":822}},"22":{"start":{"line":1,"column":824},"end":{"line":1,"column":845}},"23":{"start":{"line":1,"column":865},"end":{"line":1,"column":913}},"24":{"start":{"line":1,"column":962},"end":{"line":1,"column":1014}},"25":{"start":{"line":1,"column":1003},"end":{"line":1,"column":1011}},"26":{"start":{"line":1,"column":1020},"end":{"line":1,"column":1024}},"27":{"start":{"line":1,"column":1039},"end":{"line":1,"column":1056}},"28":{"start":{"line":1,"column":1081},"end":{"line":74,"column":335}},"29":{"start":{"line":1,"column":1114},"end":{"line":1,"column":1397}},"30":{"start":{"line":1,"column":1349},"end":{"line":1,"column":1360}},"31":{"start":{"line":1,"column":1361},"end":{"line":1,"column":1396}},"32":{"start":{"line":1,"column":1397},"end":{"line":1,"column":1586}},"33":{"start":{"line":1,"column":1605},"end":{"line":1,"column":1612}},"34":{"start":{"line":1,"column":1612},"end":{"line":1,"column":1649}},"35":{"start":{"line":1,"column":1622},"end":{"line":1,"column":1623}},"36":{"start":{"line":1,"column":1632},"end":{"line":1,"column":1649}},"37":{"start":{"line":1,"column":1666},"end":{"line":1,"column":1715}},"38":{"start":{"line":1,"column":1697},"end":{"line":1,"column":1715}},"39":{"start":{"line":1,"column":1730},"end":{"line":1,"column":1831}},"40":{"start":{"line":1,"column":1740},"end":{"line":1,"column":1742}},"41":{"start":{"line":1,"column":1745},"end":{"line":1,"column":1746}},"42":{"start":{"line":1,"column":1749},"end":{"line":1,"column":1757}},"43":{"start":{"line":1,"column":1773},"end":{"line":1,"column":1777}},"44":{"start":{"line":1,"column":1778},"end":{"line":1,"column":1830}},"45":{"start":{"line":1,"column":1831},"end":{"line":1,"column":1839}},"46":{"start":{"line":1,"column":1840},"end":{"line":1,"column":2037}},"47":{"start":{"line":1,"column":2043},"end":{"line":29,"column":5336}},"48":{"start":{"line":1,"column":2658},"end":{"line":1,"column":2673}},"49":{"start":{"line":1,"column":2701},"end":{"line":1,"column":2749}},"50":{"start":{"line":1,"column":2723},"end":{"line":1,"column":2749}},"51":{"start":{"line":1,"column":2755},"end":{"line":1,"column":2768}},"52":{"start":{"line":1,"column":2769},"end":{"line":1,"column":2805}},"53":{"start":{"line":1,"column":2784},"end":{"line":1,"column":2805}},"54":{"start":{"line":1,"column":2796},"end":{"line":1,"column":2805}},"55":{"start":{"line":1,"column":2805},"end":{"line":1,"column":2816}},"56":{"start":{"line":1,"column":2845},"end":{"line":1,"column":2960}},"57":{"start":{"line":1,"column":2922},"end":{"line":1,"column":2960}},"58":{"start":{"line":1,"column":2960},"end":{"line":1,"column":2997}},"59":{"start":{"line":1,"column":2976},"end":{"line":1,"column":2997}},"60":{"start":{"line":1,"column":3003},"end":{"line":1,"column":3024}},"61":{"start":{"line":1,"column":3025},"end":{"line":1,"column":3056}},"62":{"start":{"line":1,"column":3105},"end":{"line":1,"column":3116}},"63":{"start":{"line":1,"column":3119},"end":{"line":1,"column":3121}},"64":{"start":{"line":1,"column":3124},"end":{"line":1,"column":3126}},"65":{"start":{"line":1,"column":3127},"end":{"line":1,"column":3224}},"66":{"start":{"line":1,"column":3188},"end":{"line":1,"column":3224}},"67":{"start":{"line":1,"column":3224},"end":{"line":1,"column":3329}},"68":{"start":{"line":1,"column":3251},"end":{"line":1,"column":3329}},"69":{"start":{"line":1,"column":3272},"end":{"line":1,"column":3298}},"70":{"start":{"line":1,"column":3299},"end":{"line":1,"column":3328}},"71":{"start":{"line":1,"column":3329},"end":{"line":1,"column":3337}},"72":{"start":{"line":1,"column":3364},"end":{"line":1,"column":3437}},"73":{"start":{"line":1,"column":3374},"end":{"line":1,"column":3376}},"74":{"start":{"line":1,"column":3379},"end":{"line":1,"column":3384}},"75":{"start":{"line":1,"column":3387},"end":{"line":1,"column":3393}},"76":{"start":{"line":1,"column":3396},"end":{"line":1,"column":3397}},"77":{"start":{"line":1,"column":3400},"end":{"line":1,"column":3408}},"78":{"start":{"line":1,"column":3417},"end":{"line":1,"column":3437}},"79":{"start":{"line":1,"column":3437},"end":{"line":1,"column":3445}},"80":{"start":{"line":1,"column":3548},"end":{"line":1,"column":3555}},"81":{"start":{"line":1,"column":3556},"end":{"line":1,"column":3573}},"82":{"start":{"line":1,"column":3573},"end":{"line":29,"column":15}},"83":{"start":{"line":3,"column":0},"end":{"line":3,"column":14}},"84":{"start":{"line":3,"column":14},"end":{"line":3,"column":20}},"85":{"start":{"line":5,"column":0},"end":{"line":5,"column":90}},"86":{"start":{"line":7,"column":0},"end":{"line":7,"column":19}},"87":{"start":{"line":7,"column":19},"end":{"line":7,"column":25}},"88":{"start":{"line":9,"column":0},"end":{"line":9,"column":19}},"89":{"start":{"line":9,"column":19},"end":{"line":9,"column":25}},"90":{"start":{"line":11,"column":0},"end":{"line":11,"column":19}},"91":{"start":{"line":11,"column":19},"end":{"line":11,"column":25}},"92":{"start":{"line":13,"column":0},"end":{"line":13,"column":19}},"93":{"start":{"line":13,"column":19},"end":{"line":13,"column":25}},"94":{"start":{"line":15,"column":0},"end":{"line":15,"column":29}},"95":{"start":{"line":15,"column":29},"end":{"line":15,"column":35}},"96":{"start":{"line":17,"column":0},"end":{"line":17,"column":53}},"97":{"start":{"line":17,"column":21},"end":{"line":17,"column":43}},"98":{"start":{"line":17,"column":53},"end":{"line":17,"column":59}},"99":{"start":{"line":19,"column":0},"end":{"line":19,"column":18}},"100":{"start":{"line":19,"column":18},"end":{"line":19,"column":24}},"101":{"start":{"line":21,"column":0},"end":{"line":21,"column":13}},"102":{"start":{"line":21,"column":13},"end":{"line":21,"column":19}},"103":{"start":{"line":23,"column":0},"end":{"line":23,"column":14}},"104":{"start":{"line":23,"column":14},"end":{"line":23,"column":20}},"105":{"start":{"line":25,"column":0},"end":{"line":25,"column":17}},"106":{"start":{"line":25,"column":17},"end":{"line":25,"column":23}},"107":{"start":{"line":27,"column":0},"end":{"line":27,"column":14}},"108":{"start":{"line":27,"column":14},"end":{"line":27,"column":20}},"109":{"start":{"line":29,"column":0},"end":{"line":29,"column":14}},"110":{"start":{"line":29,"column":35},"end":{"line":29,"column":291}},"111":{"start":{"line":29,"column":45},"end":{"line":29,"column":47}},"112":{"start":{"line":29,"column":50},"end":{"line":29,"column":55}},"113":{"start":{"line":29,"column":58},"end":{"line":29,"column":66}},"114":{"start":{"line":29,"column":69},"end":{"line":29,"column":75}},"115":{"start":{"line":29,"column":78},"end":{"line":29,"column":85}},"116":{"start":{"line":29,"column":88},"end":{"line":29,"column":94}},"117":{"start":{"line":29,"column":97},"end":{"line":29,"column":103}},"118":{"start":{"line":29,"column":106},"end":{"line":29,"column":107}},"119":{"start":{"line":29,"column":110},"end":{"line":29,"column":118}},"120":{"start":{"line":29,"column":128},"end":{"line":29,"column":281}},"121":{"start":{"line":29,"column":138},"end":{"line":29,"column":142}},"122":{"start":{"line":29,"column":145},"end":{"line":29,"column":147}},"123":{"start":{"line":29,"column":150},"end":{"line":29,"column":151}},"124":{"start":{"line":29,"column":167},"end":{"line":29,"column":176}},"125":{"start":{"line":29,"column":177},"end":{"line":29,"column":280}},"126":{"start":{"line":29,"column":202},"end":{"line":29,"column":229}},"127":{"start":{"line":29,"column":229},"end":{"line":29,"column":235}},"128":{"start":{"line":29,"column":242},"end":{"line":29,"column":257}},"129":{"start":{"line":29,"column":257},"end":{"line":29,"column":263}},"130":{"start":{"line":29,"column":271},"end":{"line":29,"column":279}},"131":{"start":{"line":29,"column":281},"end":{"line":29,"column":290}},"132":{"start":{"line":29,"column":291},"end":{"line":29,"column":299}},"133":{"start":{"line":29,"column":776},"end":{"line":29,"column":842}},"134":{"start":{"line":29,"column":786},"end":{"line":29,"column":788}},"135":{"start":{"line":29,"column":791},"end":{"line":29,"column":796}},"136":{"start":{"line":29,"column":799},"end":{"line":29,"column":805}},"137":{"start":{"line":29,"column":808},"end":{"line":29,"column":809}},"138":{"start":{"line":29,"column":812},"end":{"line":29,"column":820}},"139":{"start":{"line":29,"column":829},"end":{"line":29,"column":842}},"140":{"start":{"line":29,"column":842},"end":{"line":29,"column":850}},"141":{"start":{"line":29,"column":944},"end":{"line":29,"column":1052}},"142":{"start":{"line":29,"column":962},"end":{"line":29,"column":1052}},"143":{"start":{"line":29,"column":1052},"end":{"line":29,"column":1108}},"144":{"start":{"line":29,"column":1138},"end":{"line":29,"column":1142}},"145":{"start":{"line":29,"column":1145},"end":{"line":29,"column":1159}},"146":{"start":{"line":29,"column":1162},"end":{"line":29,"column":1176}},"147":{"start":{"line":29,"column":1179},"end":{"line":29,"column":1193}},"148":{"start":{"line":29,"column":1196},"end":{"line":29,"column":1206}},"149":{"start":{"line":29,"column":1209},"end":{"line":29,"column":1210}},"150":{"start":{"line":29,"column":1213},"end":{"line":29,"column":1214}},"151":{"start":{"line":29,"column":1218},"end":{"line":29,"column":1238}},"152":{"start":{"line":29,"column":1243},"end":{"line":29,"column":1293}},"153":{"start":{"line":29,"column":1295},"end":{"line":29,"column":1368}},"154":{"start":{"line":29,"column":1374},"end":{"line":29,"column":1503}},"155":{"start":{"line":29,"column":1523},"end":{"line":29,"column":1534}},"156":{"start":{"line":29,"column":1535},"end":{"line":29,"column":1586}},"157":{"start":{"line":29,"column":1587},"end":{"line":29,"column":3309}},"158":{"start":{"line":29,"column":1654},"end":{"line":29,"column":1662}},"159":{"start":{"line":29,"column":1678},"end":{"line":29,"column":1762}},"160":{"start":{"line":29,"column":1693},"end":{"line":29,"column":1762}},"161":{"start":{"line":29,"column":1863},"end":{"line":29,"column":1928}},"162":{"start":{"line":29,"column":2028},"end":{"line":29,"column":2059}},"163":{"start":{"line":29,"column":2146},"end":{"line":29,"column":2396}},"164":{"start":{"line":29,"column":2396},"end":{"line":29,"column":2438}},"165":{"start":{"line":29,"column":2429},"end":{"line":29,"column":2438}},"166":{"start":{"line":29,"column":2438},"end":{"line":29,"column":2818}},"167":{"start":{"line":29,"column":2669},"end":{"line":29,"column":2790}},"168":{"start":{"line":29,"column":2679},"end":{"line":29,"column":2706}},"169":{"start":{"line":29,"column":2723},"end":{"line":29,"column":2744}},"170":{"start":{"line":29,"column":2745},"end":{"line":29,"column":2789}},"171":{"start":{"line":29,"column":2790},"end":{"line":29,"column":2817}},"172":{"start":{"line":29,"column":2818},"end":{"line":29,"column":2826}},"173":{"start":{"line":29,"column":2881},"end":{"line":29,"column":3271}},"174":{"start":{"line":29,"column":3153},"end":{"line":29,"column":3171}},"175":{"start":{"line":29,"column":3172},"end":{"line":29,"column":3251}},"176":{"start":{"line":29,"column":3190},"end":{"line":29,"column":3251}},"177":{"start":{"line":29,"column":3251},"end":{"line":29,"column":3269}},"178":{"start":{"line":29,"column":3272},"end":{"line":29,"column":3307}},"179":{"start":{"line":29,"column":3331},"end":{"line":29,"column":3408}},"180":{"start":{"line":29,"column":3348},"end":{"line":29,"column":3355}},"181":{"start":{"line":29,"column":3356},"end":{"line":29,"column":3407}},"182":{"start":{"line":29,"column":3411},"end":{"line":29,"column":3432}},"183":{"start":{"line":29,"column":3435},"end":{"line":29,"column":3437}},"184":{"start":{"line":29,"column":3438},"end":{"line":29,"column":5326}},"185":{"start":{"line":29,"column":3442},"end":{"line":29,"column":3547}},"186":{"start":{"line":29,"column":3520},"end":{"line":29,"column":3547}},"187":{"start":{"line":29,"column":3547},"end":{"line":29,"column":4962}},"188":{"start":{"line":29,"column":3684},"end":{"line":29,"column":4230}},"189":{"start":{"line":29,"column":3714},"end":{"line":29,"column":3743}},"190":{"start":{"line":29,"column":3748},"end":{"line":29,"column":4230}},"191":{"start":{"line":29,"column":3807},"end":{"line":29,"column":3832}},"192":{"start":{"line":29,"column":3835},"end":{"line":29,"column":3869}},"193":{"start":{"line":29,"column":3870},"end":{"line":29,"column":4224}},"194":{"start":{"line":29,"column":4224},"end":{"line":29,"column":4229}},"195":{"start":{"line":29,"column":4230},"end":{"line":29,"column":4956}},"196":{"start":{"line":29,"column":4248},"end":{"line":29,"column":4460}},"197":{"start":{"line":29,"column":4271},"end":{"line":29,"column":4454}},"198":{"start":{"line":29,"column":4454},"end":{"line":29,"column":4459}},"199":{"start":{"line":29,"column":4460},"end":{"line":29,"column":4669}},"200":{"start":{"line":29,"column":4669},"end":{"line":29,"column":4675}},"201":{"start":{"line":29,"column":4682},"end":{"line":29,"column":4729}},"202":{"start":{"line":29,"column":4729},"end":{"line":29,"column":4738}},"203":{"start":{"line":29,"column":4745},"end":{"line":29,"column":4841}},"204":{"start":{"line":29,"column":4831},"end":{"line":29,"column":4835}},"205":{"start":{"line":29,"column":4835},"end":{"line":29,"column":4840}},"206":{"start":{"line":29,"column":4841},"end":{"line":29,"column":4846}},"207":{"start":{"line":29,"column":4852},"end":{"line":29,"column":4856}},"208":{"start":{"line":29,"column":4857},"end":{"line":29,"column":4899}},"209":{"start":{"line":29,"column":4899},"end":{"line":29,"column":4908}},"210":{"start":{"line":29,"column":4915},"end":{"line":29,"column":4955}},"211":{"start":{"line":29,"column":4956},"end":{"line":29,"column":4961}},"212":{"start":{"line":29,"column":4972},"end":{"line":29,"column":5018}},"213":{"start":{"line":29,"column":5010},"end":{"line":29,"column":5018}},"214":{"start":{"line":29,"column":5018},"end":{"line":29,"column":5101}},"215":{"start":{"line":29,"column":5093},"end":{"line":29,"column":5101}},"216":{"start":{"line":29,"column":5101},"end":{"line":29,"column":5253}},"217":{"start":{"line":29,"column":5262},"end":{"line":29,"column":5325}},"218":{"start":{"line":29,"column":5326},"end":{"line":29,"column":5334}},"219":{"start":{"line":29,"column":5337},"end":{"line":29,"column":5403}},"220":{"start":{"line":29,"column":5409},"end":{"line":74,"column":260}},"221":{"start":{"line":29,"column":5442},"end":{"line":29,"column":5724}},"222":{"start":{"line":29,"column":5676},"end":{"line":29,"column":5687}},"223":{"start":{"line":29,"column":5688},"end":{"line":29,"column":5723}},"224":{"start":{"line":29,"column":5724},"end":{"line":29,"column":5913}},"225":{"start":{"line":29,"column":5914},"end":{"line":74,"column":257}},"226":{"start":{"line":29,"column":6394},"end":{"line":29,"column":6777}},"227":{"start":{"line":29,"column":6471},"end":{"line":29,"column":6777}},"228":{"start":{"line":29,"column":6516},"end":{"line":29,"column":6551}},"229":{"start":{"line":29,"column":6551},"end":{"line":29,"column":6640}},"230":{"start":{"line":29,"column":6646},"end":{"line":29,"column":6777}},"231":{"start":{"line":29,"column":6693},"end":{"line":29,"column":6712}},"232":{"start":{"line":29,"column":6713},"end":{"line":29,"column":6776}},"233":{"start":{"line":29,"column":6783},"end":{"line":29,"column":7036}},"234":{"start":{"line":29,"column":6918},"end":{"line":29,"column":6936}},"235":{"start":{"line":29,"column":6937},"end":{"line":29,"column":7016}},"236":{"start":{"line":29,"column":6955},"end":{"line":29,"column":7016}},"237":{"start":{"line":29,"column":7016},"end":{"line":29,"column":7034}},"238":{"start":{"line":29,"column":7037},"end":{"line":29,"column":7072}},"239":{"start":{"line":29,"column":7101},"end":{"line":29,"column":7363}},"240":{"start":{"line":29,"column":7141},"end":{"line":29,"column":7267}},"241":{"start":{"line":29,"column":7205},"end":{"line":29,"column":7267}},"242":{"start":{"line":29,"column":7267},"end":{"line":29,"column":7362}},"243":{"start":{"line":29,"column":7308},"end":{"line":29,"column":7362}},"244":{"start":{"line":29,"column":7363},"end":{"line":29,"column":7379}},"245":{"start":{"line":29,"column":7407},"end":{"line":29,"column":7409}},"246":{"start":{"line":29,"column":7410},"end":{"line":29,"column":7457}},"247":{"start":{"line":29,"column":7463},"end":{"line":29,"column":7554}},"248":{"start":{"line":29,"column":7557},"end":{"line":29,"column":7596}},"249":{"start":{"line":29,"column":7597},"end":{"line":29,"column":7703}},"250":{"start":{"line":29,"column":7733},"end":{"line":29,"column":7910}},"251":{"start":{"line":29,"column":7761},"end":{"line":29,"column":7882}},"252":{"start":{"line":29,"column":7771},"end":{"line":29,"column":7798}},"253":{"start":{"line":29,"column":7815},"end":{"line":29,"column":7836}},"254":{"start":{"line":29,"column":7837},"end":{"line":29,"column":7881}},"255":{"start":{"line":29,"column":7882},"end":{"line":29,"column":7909}},"256":{"start":{"line":29,"column":7910},"end":{"line":29,"column":7921}},"257":{"start":{"line":29,"column":7940},"end":{"line":29,"column":8032}},"258":{"start":{"line":29,"column":8038},"end":{"line":29,"column":8075}},"259":{"start":{"line":29,"column":8076},"end":{"line":29,"column":8203}},"260":{"start":{"line":29,"column":8228},"end":{"line":29,"column":8587}},"261":{"start":{"line":29,"column":8276},"end":{"line":29,"column":8359}},"262":{"start":{"line":29,"column":8286},"end":{"line":29,"column":8296}},"263":{"start":{"line":29,"column":8299},"end":{"line":29,"column":8300}},"264":{"start":{"line":29,"column":8303},"end":{"line":29,"column":8311}},"265":{"start":{"line":29,"column":8321},"end":{"line":29,"column":8358}},"266":{"start":{"line":29,"column":8365},"end":{"line":29,"column":8380}},"267":{"start":{"line":29,"column":8381},"end":{"line":29,"column":8564}},"268":{"start":{"line":29,"column":8403},"end":{"line":29,"column":8407}},"269":{"start":{"line":29,"column":8410},"end":{"line":29,"column":8417}},"270":{"start":{"line":29,"column":8421},"end":{"line":29,"column":8446}},"271":{"start":{"line":29,"column":8450},"end":{"line":29,"column":8464}},"272":{"start":{"line":29,"column":8465},"end":{"line":29,"column":8518}},"273":{"start":{"line":29,"column":8488},"end":{"line":29,"column":8492}},"274":{"start":{"line":29,"column":8495},"end":{"line":29,"column":8499}},"275":{"start":{"line":29,"column":8500},"end":{"line":29,"column":8517}},"276":{"start":{"line":29,"column":8518},"end":{"line":29,"column":8563}},"277":{"start":{"line":29,"column":8564},"end":{"line":29,"column":8586}},"278":{"start":{"line":29,"column":8587},"end":{"line":29,"column":8859}},"279":{"start":{"line":29,"column":8900},"end":{"line":29,"column":8926}},"280":{"start":{"line":29,"column":8927},"end":{"line":29,"column":8992}},"281":{"start":{"line":29,"column":9011},"end":{"line":29,"column":9039}},"282":{"start":{"line":29,"column":9027},"end":{"line":29,"column":9039}},"283":{"start":{"line":29,"column":9045},"end":{"line":29,"column":9059}},"284":{"start":{"line":29,"column":9060},"end":{"line":29,"column":9133}},"285":{"start":{"line":29,"column":9139},"end":{"line":29,"column":9140}},"286":{"start":{"line":29,"column":9143},"end":{"line":29,"column":9145}},"287":{"start":{"line":29,"column":9146},"end":{"line":29,"column":9324}},"288":{"start":{"line":29,"column":9158},"end":{"line":29,"column":9163}},"289":{"start":{"line":29,"column":9168},"end":{"line":29,"column":9324}},"290":{"start":{"line":29,"column":9181},"end":{"line":29,"column":9186}},"291":{"start":{"line":29,"column":9192},"end":{"line":29,"column":9206}},"292":{"start":{"line":29,"column":9207},"end":{"line":29,"column":9323}},"293":{"start":{"line":29,"column":9324},"end":{"line":29,"column":9484}},"294":{"start":{"line":29,"column":9510},"end":{"line":29,"column":9518}},"295":{"start":{"line":29,"column":9521},"end":{"line":29,"column":9545}},"296":{"start":{"line":29,"column":9546},"end":{"line":29,"column":10041}},"297":{"start":{"line":29,"column":9798},"end":{"line":29,"column":9862}},"298":{"start":{"line":29,"column":9868},"end":{"line":29,"column":9878}},"299":{"start":{"line":29,"column":9881},"end":{"line":29,"column":9905}},"300":{"start":{"line":29,"column":9906},"end":{"line":29,"column":10008}},"301":{"start":{"line":29,"column":10014},"end":{"line":29,"column":10041}},"302":{"start":{"line":29,"column":10041},"end":{"line":29,"column":10119}},"303":{"start":{"line":29,"column":10137},"end":{"line":29,"column":10162}},"304":{"start":{"line":29,"column":10182},"end":{"line":29,"column":10566}},"305":{"start":{"line":29,"column":10214},"end":{"line":29,"column":10233}},"306":{"start":{"line":29,"column":10244},"end":{"line":29,"column":10246}},"307":{"start":{"line":29,"column":10247},"end":{"line":29,"column":10294}},"308":{"start":{"line":29,"column":10300},"end":{"line":29,"column":10477}},"309":{"start":{"line":29,"column":10478},"end":{"line":29,"column":10565}},"310":{"start":{"line":29,"column":10566},"end":{"line":29,"column":10577}},"311":{"start":{"line":29,"column":10596},"end":{"line":29,"column":10634}},"312":{"start":{"line":29,"column":10666},"end":{"line":29,"column":10729}},"313":{"start":{"line":29,"column":10730},"end":{"line":29,"column":10779}},"314":{"start":{"line":29,"column":10785},"end":{"line":29,"column":10842}},"315":{"start":{"line":29,"column":10843},"end":{"line":29,"column":10914}},"316":{"start":{"line":29,"column":10950},"end":{"line":29,"column":10960}},"317":{"start":{"line":29,"column":10961},"end":{"line":29,"column":11074}},"318":{"start":{"line":29,"column":11080},"end":{"line":29,"column":11118}},"319":{"start":{"line":29,"column":11119},"end":{"line":29,"column":11195}},"320":{"start":{"line":29,"column":11230},"end":{"line":29,"column":11266}},"321":{"start":{"line":29,"column":11269},"end":{"line":29,"column":11300}},"322":{"start":{"line":29,"column":11301},"end":{"line":29,"column":11361}},"323":{"start":{"line":29,"column":11406},"end":{"line":29,"column":11473}},"324":{"start":{"line":29,"column":11474},"end":{"line":29,"column":12828}},"325":{"start":{"line":29,"column":12863},"end":{"line":29,"column":12896}},"326":{"start":{"line":29,"column":12902},"end":{"line":29,"column":12940}},"327":{"start":{"line":29,"column":12943},"end":{"line":29,"column":12984}},"328":{"start":{"line":29,"column":12987},"end":{"line":29,"column":13026}},"329":{"start":{"line":29,"column":13029},"end":{"line":29,"column":13048}},"330":{"start":{"line":29,"column":13051},"end":{"line":29,"column":13073}},"331":{"start":{"line":29,"column":13076},"end":{"line":29,"column":13078}},"332":{"start":{"line":29,"column":13081},"end":{"line":29,"column":13523}},"333":{"start":{"line":29,"column":13122},"end":{"line":29,"column":13125}},"334":{"start":{"line":29,"column":13128},"end":{"line":29,"column":13151}},"335":{"start":{"line":29,"column":13154},"end":{"line":29,"column":13178}},"336":{"start":{"line":29,"column":13181},"end":{"line":29,"column":13182}},"337":{"start":{"line":29,"column":13185},"end":{"line":29,"column":13186}},"338":{"start":{"line":29,"column":13187},"end":{"line":29,"column":13492}},"339":{"start":{"line":29,"column":13492},"end":{"line":29,"column":13521}},"340":{"start":{"line":29,"column":13524},"end":{"line":29,"column":13694}},"341":{"start":{"line":29,"column":13545},"end":{"line":29,"column":13551}},"342":{"start":{"line":29,"column":13554},"end":{"line":29,"column":13569}},"343":{"start":{"line":29,"column":13572},"end":{"line":29,"column":13618}},"344":{"start":{"line":29,"column":13619},"end":{"line":29,"column":13693}},"345":{"start":{"line":29,"column":13694},"end":{"line":29,"column":13713}},"346":{"start":{"line":29,"column":13752},"end":{"line":29,"column":13764}},"347":{"start":{"line":29,"column":13767},"end":{"line":29,"column":13778}},"348":{"start":{"line":29,"column":13781},"end":{"line":29,"column":13795}},"349":{"start":{"line":29,"column":13798},"end":{"line":29,"column":13811}},"350":{"start":{"line":29,"column":13812},"end":{"line":29,"column":14058}},"351":{"start":{"line":29,"column":13957},"end":{"line":29,"column":13967}},"352":{"start":{"line":29,"column":13970},"end":{"line":29,"column":13982}},"353":{"start":{"line":29,"column":13983},"end":{"line":29,"column":14057}},"354":{"start":{"line":29,"column":14058},"end":{"line":29,"column":14066}},"355":{"start":{"line":29,"column":14107},"end":{"line":29,"column":15105}},"356":{"start":{"line":29,"column":15096},"end":{"line":29,"column":15105}},"357":{"start":{"line":29,"column":15105},"end":{"line":29,"column":15192}},"358":{"start":{"line":29,"column":15125},"end":{"line":29,"column":15153}},"359":{"start":{"line":29,"column":15140},"end":{"line":29,"column":15153}},"360":{"start":{"line":29,"column":15153},"end":{"line":29,"column":15191}},"361":{"start":{"line":29,"column":15192},"end":{"line":29,"column":15290}},"362":{"start":{"line":29,"column":15308},"end":{"line":29,"column":15350}},"363":{"start":{"line":29,"column":15321},"end":{"line":29,"column":15350}},"364":{"start":{"line":29,"column":15362},"end":{"line":29,"column":15415}},"365":{"start":{"line":29,"column":15421},"end":{"line":29,"column":15444}},"366":{"start":{"line":29,"column":15445},"end":{"line":29,"column":15893}},"367":{"start":{"line":29,"column":15519},"end":{"line":29,"column":15521}},"368":{"start":{"line":29,"column":15522},"end":{"line":29,"column":15584}},"369":{"start":{"line":29,"column":15590},"end":{"line":29,"column":15824}},"370":{"start":{"line":29,"column":15825},"end":{"line":29,"column":15892}},"371":{"start":{"line":29,"column":15893},"end":{"line":29,"column":16184}},"372":{"start":{"line":29,"column":15903},"end":{"line":29,"column":15910}},"373":{"start":{"line":29,"column":15913},"end":{"line":29,"column":15929}},"374":{"start":{"line":29,"column":15932},"end":{"line":29,"column":15946}},"375":{"start":{"line":29,"column":15949},"end":{"line":29,"column":15950}},"376":{"start":{"line":29,"column":15960},"end":{"line":29,"column":16184}},"377":{"start":{"line":29,"column":16023},"end":{"line":29,"column":16156}},"378":{"start":{"line":29,"column":16064},"end":{"line":29,"column":16109}},"379":{"start":{"line":29,"column":16100},"end":{"line":29,"column":16109}},"380":{"start":{"line":29,"column":16109},"end":{"line":29,"column":16147}},"381":{"start":{"line":29,"column":16129},"end":{"line":29,"column":16138}},"382":{"start":{"line":29,"column":16138},"end":{"line":29,"column":16146}},"383":{"start":{"line":29,"column":16147},"end":{"line":29,"column":16155}},"384":{"start":{"line":29,"column":16156},"end":{"line":29,"column":16183}},"385":{"start":{"line":29,"column":16178},"end":{"line":29,"column":16183}},"386":{"start":{"line":29,"column":16184},"end":{"line":29,"column":16231}},"387":{"start":{"line":29,"column":16189},"end":{"line":29,"column":16231}},"388":{"start":{"line":29,"column":16231},"end":{"line":29,"column":16675}},"389":{"start":{"line":29,"column":16247},"end":{"line":29,"column":16252}},"390":{"start":{"line":29,"column":16252},"end":{"line":29,"column":16314}},"391":{"start":{"line":29,"column":16314},"end":{"line":29,"column":16424}},"392":{"start":{"line":29,"column":16430},"end":{"line":29,"column":16441}},"393":{"start":{"line":29,"column":16444},"end":{"line":29,"column":16459}},"394":{"start":{"line":29,"column":16462},"end":{"line":29,"column":16488}},"395":{"start":{"line":29,"column":16489},"end":{"line":29,"column":16674}},"396":{"start":{"line":29,"column":16675},"end":{"line":29,"column":16716}},"397":{"start":{"line":29,"column":16739},"end":{"line":29,"column":16987}},"398":{"start":{"line":29,"column":16973},"end":{"line":29,"column":16987}},"399":{"start":{"line":29,"column":16987},"end":{"line":29,"column":17230}},"400":{"start":{"line":29,"column":17251},"end":{"line":29,"column":17279}},"401":{"start":{"line":29,"column":17265},"end":{"line":29,"column":17279}},"402":{"start":{"line":29,"column":17279},"end":{"line":29,"column":17287}},"403":{"start":{"line":29,"column":17308},"end":{"line":29,"column":17599}},"404":{"start":{"line":29,"column":17619},"end":{"line":29,"column":17643}},"405":{"start":{"line":29,"column":17667},"end":{"line":29,"column":17735}},"406":{"start":{"line":29,"column":17757},"end":{"line":29,"column":17874}},"407":{"start":{"line":29,"column":17897},"end":{"line":29,"column":17986}},"408":{"start":{"line":29,"column":18013},"end":{"line":29,"column":18188}},"409":{"start":{"line":29,"column":18216},"end":{"line":29,"column":18249}},"410":{"start":{"line":29,"column":18326},"end":{"line":32,"column":54}},"411":{"start":{"line":32,"column":0},"end":{"line":32,"column":6}},"412":{"start":{"line":32,"column":14},"end":{"line":32,"column":53}},"413":{"start":{"line":74,"column":274},"end":{"line":74,"column":284}},"414":{"start":{"line":74,"column":285},"end":{"line":74,"column":332}},"415":{"start":{"line":74,"column":336},"end":{"line":74,"column":418}},"416":{"start":{"line":74,"column":384},"end":{"line":74,"column":417}}},"fnMap":{"0":{"name":"(anonymous_0)","decl":{"start":{"line":1,"column":15},"end":{"line":1,"column":16}},"loc":{"start":{"line":1,"column":26},"end":{"line":1,"column":931}},"line":1},"1":{"name":"r","decl":{"start":{"line":1,"column":45},"end":{"line":1,"column":46}},"loc":{"start":{"line":1,"column":49},"end":{"line":1,"column":170}},"line":1},"2":{"name":"(anonymous_2)","decl":{"start":{"line":1,"column":193},"end":{"line":1,"column":194}},"loc":{"start":{"line":1,"column":208},"end":{"line":1,"column":268}},"line":1},"3":{"name":"(anonymous_3)","decl":{"start":{"line":1,"column":273},"end":{"line":1,"column":274}},"loc":{"start":{"line":1,"column":284},"end":{"line":1,"column":443}},"line":1},"4":{"name":"(anonymous_4)","decl":{"start":{"line":1,"column":448},"end":{"line":1,"column":449}},"loc":{"start":{"line":1,"column":461},"end":{"line":1,"column":735}},"line":1},"5":{"name":"(anonymous_5)","decl":{"start":{"line":1,"column":687},"end":{"line":1,"column":688}},"loc":{"start":{"line":1,"column":698},"end":{"line":1,"column":711}},"line":1},"6":{"name":"(anonymous_6)","decl":{"start":{"line":1,"column":740},"end":{"line":1,"column":741}},"loc":{"start":{"line":1,"column":751},"end":{"line":1,"column":846}},"line":1},"7":{"name":"(anonymous_7)","decl":{"start":{"line":1,"column":774},"end":{"line":1,"column":775}},"loc":{"start":{"line":1,"column":784},"end":{"line":1,"column":802}},"line":1},"8":{"name":"(anonymous_8)","decl":{"start":{"line":1,"column":803},"end":{"line":1,"column":804}},"loc":{"start":{"line":1,"column":813},"end":{"line":1,"column":823}},"line":1},"9":{"name":"(anonymous_9)","decl":{"start":{"line":1,"column":851},"end":{"line":1,"column":852}},"loc":{"start":{"line":1,"column":864},"end":{"line":1,"column":914}},"line":1},"10":{"name":"(anonymous_10)","decl":{"start":{"line":1,"column":933},"end":{"line":1,"column":934}},"loc":{"start":{"line":1,"column":948},"end":{"line":1,"column":1058}},"line":1},"11":{"name":"(anonymous_11)","decl":{"start":{"line":1,"column":992},"end":{"line":1,"column":993}},"loc":{"start":{"line":1,"column":1002},"end":{"line":1,"column":1012}},"line":1},"12":{"name":"n","decl":{"start":{"line":1,"column":1034},"end":{"line":1,"column":1035}},"loc":{"start":{"line":1,"column":1038},"end":{"line":1,"column":1057}},"line":1},"13":{"name":"(anonymous_13)","decl":{"start":{"line":1,"column":1059},"end":{"line":1,"column":1060}},"loc":{"start":{"line":1,"column":1074},"end":{"line":74,"column":419}},"line":1},"14":{"name":"(anonymous_14)","decl":{"start":{"line":1,"column":1081},"end":{"line":1,"column":1082}},"loc":{"start":{"line":1,"column":1091},"end":{"line":74,"column":333}},"line":1},"15":{"name":"t","decl":{"start":{"line":1,"column":1101},"end":{"line":1,"column":1102}},"loc":{"start":{"line":1,"column":1107},"end":{"line":1,"column":1587}},"line":1},"16":{"name":"e","decl":{"start":{"line":1,"column":1596},"end":{"line":1,"column":1597}},"loc":{"start":{"line":1,"column":1604},"end":{"line":1,"column":1650}},"line":1},"17":{"name":"r","decl":{"start":{"line":1,"column":1659},"end":{"line":1,"column":1660}},"loc":{"start":{"line":1,"column":1665},"end":{"line":1,"column":1716}},"line":1},"18":{"name":"i","decl":{"start":{"line":1,"column":1725},"end":{"line":1,"column":1726}},"loc":{"start":{"line":1,"column":1729},"end":{"line":1,"column":1840}},"line":1},"19":{"name":"(anonymous_19)","decl":{"start":{"line":1,"column":2050},"end":{"line":1,"column":2051}},"loc":{"start":{"line":1,"column":2060},"end":{"line":1,"column":2062}},"line":1},"20":{"name":"(anonymous_20)","decl":{"start":{"line":1,"column":2646},"end":{"line":1,"column":2647}},"loc":{"start":{"line":1,"column":2657},"end":{"line":1,"column":2674}},"line":1},"21":{"name":"(anonymous_21)","decl":{"start":{"line":1,"column":2689},"end":{"line":1,"column":2690}},"loc":{"start":{"line":1,"column":2700},"end":{"line":1,"column":2817}},"line":1},"22":{"name":"(anonymous_22)","decl":{"start":{"line":1,"column":2833},"end":{"line":1,"column":2834}},"loc":{"start":{"line":1,"column":2844},"end":{"line":1,"column":3057}},"line":1},"23":{"name":"(anonymous_23)","decl":{"start":{"line":1,"column":3085},"end":{"line":1,"column":3086}},"loc":{"start":{"line":1,"column":3098},"end":{"line":1,"column":3338}},"line":1},"24":{"name":"(anonymous_24)","decl":{"start":{"line":1,"column":3352},"end":{"line":1,"column":3353}},"loc":{"start":{"line":1,"column":3363},"end":{"line":1,"column":3446}},"line":1},"25":{"name":"(anonymous_25)","decl":{"start":{"line":1,"column":3524},"end":{"line":1,"column":3525}},"loc":{"start":{"line":1,"column":3541},"end":{"line":29,"column":16}},"line":1},"26":{"name":"t","decl":{"start":{"line":17,"column":16},"end":{"line":17,"column":17}},"loc":{"start":{"line":17,"column":20},"end":{"line":17,"column":44}},"line":17},"27":{"name":"(anonymous_27)","decl":{"start":{"line":29,"column":23},"end":{"line":29,"column":24}},"loc":{"start":{"line":29,"column":34},"end":{"line":29,"column":300}},"line":29},"28":{"name":"(anonymous_28)","decl":{"start":{"line":29,"column":764},"end":{"line":29,"column":765}},"loc":{"start":{"line":29,"column":775},"end":{"line":29,"column":851}},"line":29},"29":{"name":"(anonymous_29)","decl":{"start":{"line":29,"column":928},"end":{"line":29,"column":929}},"loc":{"start":{"line":29,"column":943},"end":{"line":29,"column":1109}},"line":29},"30":{"name":"(anonymous_30)","decl":{"start":{"line":29,"column":1116},"end":{"line":29,"column":1117}},"loc":{"start":{"line":29,"column":1127},"end":{"line":29,"column":5335}},"line":29},"31":{"name":"y","decl":{"start":{"line":29,"column":1513},"end":{"line":29,"column":1514}},"loc":{"start":{"line":29,"column":1516},"end":{"line":29,"column":1587}},"line":29},"32":{"name":"(anonymous_32)","decl":{"start":{"line":29,"column":1643},"end":{"line":29,"column":1644}},"loc":{"start":{"line":29,"column":1653},"end":{"line":29,"column":1663}},"line":29},"33":{"name":"(anonymous_33)","decl":{"start":{"line":29,"column":1664},"end":{"line":29,"column":1665}},"loc":{"start":{"line":29,"column":1677},"end":{"line":29,"column":1763}},"line":29},"34":{"name":"(anonymous_34)","decl":{"start":{"line":29,"column":1847},"end":{"line":29,"column":1848}},"loc":{"start":{"line":29,"column":1862},"end":{"line":29,"column":1929}},"line":29},"35":{"name":"(anonymous_35)","decl":{"start":{"line":29,"column":2016},"end":{"line":29,"column":2017}},"loc":{"start":{"line":29,"column":2027},"end":{"line":29,"column":2060}},"line":29},"36":{"name":"(anonymous_36)","decl":{"start":{"line":29,"column":2122},"end":{"line":29,"column":2123}},"loc":{"start":{"line":29,"column":2137},"end":{"line":29,"column":2827}},"line":29},"37":{"name":"(anonymous_37)","decl":{"start":{"line":29,"column":2857},"end":{"line":29,"column":2858}},"loc":{"start":{"line":29,"column":2874},"end":{"line":29,"column":3308}},"line":29},"38":{"name":"(anonymous_38)","decl":{"start":{"line":29,"column":3136},"end":{"line":29,"column":3137}},"loc":{"start":{"line":29,"column":3146},"end":{"line":29,"column":3270}},"line":29},"39":{"name":"(anonymous_39)","decl":{"start":{"line":29,"column":3331},"end":{"line":29,"column":3332}},"loc":{"start":{"line":29,"column":3341},"end":{"line":29,"column":3408}},"line":29},"40":{"name":"(anonymous_40)","decl":{"start":{"line":29,"column":5409},"end":{"line":29,"column":5410}},"loc":{"start":{"line":29,"column":5419},"end":{"line":74,"column":258}},"line":29},"41":{"name":"t","decl":{"start":{"line":29,"column":5429},"end":{"line":29,"column":5430}},"loc":{"start":{"line":29,"column":5435},"end":{"line":29,"column":5914}},"line":29},"42":{"name":"(anonymous_42)","decl":{"start":{"line":29,"column":6378},"end":{"line":29,"column":6379}},"loc":{"start":{"line":29,"column":6393},"end":{"line":29,"column":7073}},"line":29},"43":{"name":"(anonymous_43)","decl":{"start":{"line":29,"column":6901},"end":{"line":29,"column":6902}},"loc":{"start":{"line":29,"column":6911},"end":{"line":29,"column":7035}},"line":29},"44":{"name":"(anonymous_44)","decl":{"start":{"line":29,"column":7085},"end":{"line":29,"column":7086}},"loc":{"start":{"line":29,"column":7100},"end":{"line":29,"column":7380}},"line":29},"45":{"name":"(anonymous_45)","decl":{"start":{"line":29,"column":7389},"end":{"line":29,"column":7390}},"loc":{"start":{"line":29,"column":7400},"end":{"line":29,"column":7704}},"line":29},"46":{"name":"(anonymous_46)","decl":{"start":{"line":29,"column":7721},"end":{"line":29,"column":7722}},"loc":{"start":{"line":29,"column":7732},"end":{"line":29,"column":7922}},"line":29},"47":{"name":"(anonymous_47)","decl":{"start":{"line":29,"column":7929},"end":{"line":29,"column":7930}},"loc":{"start":{"line":29,"column":7939},"end":{"line":29,"column":8204}},"line":29},"48":{"name":"(anonymous_48)","decl":{"start":{"line":29,"column":8214},"end":{"line":29,"column":8215}},"loc":{"start":{"line":29,"column":8227},"end":{"line":29,"column":8860}},"line":29},"49":{"name":"(anonymous_49)","decl":{"start":{"line":29,"column":8880},"end":{"line":29,"column":8881}},"loc":{"start":{"line":29,"column":8893},"end":{"line":29,"column":8993}},"line":29},"50":{"name":"(anonymous_50)","decl":{"start":{"line":29,"column":9000},"end":{"line":29,"column":9001}},"loc":{"start":{"line":29,"column":9010},"end":{"line":29,"column":9485}},"line":29},"51":{"name":"(anonymous_51)","decl":{"start":{"line":29,"column":9492},"end":{"line":29,"column":9493}},"loc":{"start":{"line":29,"column":9503},"end":{"line":29,"column":10120}},"line":29},"52":{"name":"(anonymous_52)","decl":{"start":{"line":29,"column":10126},"end":{"line":29,"column":10127}},"loc":{"start":{"line":29,"column":10136},"end":{"line":29,"column":10163}},"line":29},"53":{"name":"(anonymous_53)","decl":{"start":{"line":29,"column":10171},"end":{"line":29,"column":10172}},"loc":{"start":{"line":29,"column":10181},"end":{"line":29,"column":10578}},"line":29},"54":{"name":"(anonymous_54)","decl":{"start":{"line":29,"column":10584},"end":{"line":29,"column":10585}},"loc":{"start":{"line":29,"column":10595},"end":{"line":29,"column":10635}},"line":29},"55":{"name":"(anonymous_55)","decl":{"start":{"line":29,"column":10646},"end":{"line":29,"column":10647}},"loc":{"start":{"line":29,"column":10659},"end":{"line":29,"column":10915}},"line":29},"56":{"name":"(anonymous_56)","decl":{"start":{"line":29,"column":10930},"end":{"line":29,"column":10931}},"loc":{"start":{"line":29,"column":10943},"end":{"line":29,"column":11196}},"line":29},"57":{"name":"(anonymous_57)","decl":{"start":{"line":29,"column":11210},"end":{"line":29,"column":11211}},"loc":{"start":{"line":29,"column":11223},"end":{"line":29,"column":11362}},"line":29},"58":{"name":"(anonymous_58)","decl":{"start":{"line":29,"column":11382},"end":{"line":29,"column":11383}},"loc":{"start":{"line":29,"column":11399},"end":{"line":29,"column":12829}},"line":29},"59":{"name":"(anonymous_59)","decl":{"start":{"line":29,"column":12847},"end":{"line":29,"column":12848}},"loc":{"start":{"line":29,"column":12862},"end":{"line":29,"column":13714}},"line":29},"60":{"name":"(anonymous_60)","decl":{"start":{"line":29,"column":13102},"end":{"line":29,"column":13103}},"loc":{"start":{"line":29,"column":13115},"end":{"line":29,"column":13522}},"line":29},"61":{"name":"(anonymous_61)","decl":{"start":{"line":29,"column":13730},"end":{"line":29,"column":13731}},"loc":{"start":{"line":29,"column":13743},"end":{"line":29,"column":14067}},"line":29},"62":{"name":"(anonymous_62)","decl":{"start":{"line":29,"column":14079},"end":{"line":29,"column":14080}},"loc":{"start":{"line":29,"column":14092},"end":{"line":29,"column":15291}},"line":29},"63":{"name":"(anonymous_63)","decl":{"start":{"line":29,"column":15297},"end":{"line":29,"column":15298}},"loc":{"start":{"line":29,"column":15307},"end":{"line":29,"column":16717}},"line":29},"64":{"name":"(anonymous_64)","decl":{"start":{"line":29,"column":16722},"end":{"line":29,"column":16723}},"loc":{"start":{"line":29,"column":16732},"end":{"line":29,"column":17231}},"line":29},"65":{"name":"(anonymous_65)","decl":{"start":{"line":29,"column":17240},"end":{"line":29,"column":17241}},"loc":{"start":{"line":29,"column":17250},"end":{"line":29,"column":17288}},"line":29},"66":{"name":"(anonymous_66)","decl":{"start":{"line":29,"column":17297},"end":{"line":29,"column":17298}},"loc":{"start":{"line":29,"column":17307},"end":{"line":29,"column":17600}},"line":29},"67":{"name":"(anonymous_67)","decl":{"start":{"line":29,"column":17607},"end":{"line":29,"column":17608}},"loc":{"start":{"line":29,"column":17618},"end":{"line":29,"column":17644}},"line":29},"68":{"name":"(anonymous_68)","decl":{"start":{"line":29,"column":17655},"end":{"line":29,"column":17656}},"loc":{"start":{"line":29,"column":17666},"end":{"line":29,"column":17736}},"line":29},"69":{"name":"(anonymous_69)","decl":{"start":{"line":29,"column":17746},"end":{"line":29,"column":17747}},"loc":{"start":{"line":29,"column":17756},"end":{"line":29,"column":17875}},"line":29},"70":{"name":"(anonymous_70)","decl":{"start":{"line":29,"column":17885},"end":{"line":29,"column":17886}},"loc":{"start":{"line":29,"column":17896},"end":{"line":29,"column":17987}},"line":29},"71":{"name":"(anonymous_71)","decl":{"start":{"line":29,"column":18002},"end":{"line":29,"column":18003}},"loc":{"start":{"line":29,"column":18012},"end":{"line":29,"column":18189}},"line":29},"72":{"name":"(anonymous_72)","decl":{"start":{"line":29,"column":18205},"end":{"line":29,"column":18206}},"loc":{"start":{"line":29,"column":18215},"end":{"line":29,"column":18250}},"line":29},"73":{"name":"(anonymous_73)","decl":{"start":{"line":29,"column":18310},"end":{"line":29,"column":18311}},"loc":{"start":{"line":29,"column":18325},"end":{"line":32,"column":55}},"line":29},"74":{"name":"o","decl":{"start":{"line":74,"column":270},"end":{"line":74,"column":271}},"loc":{"start":{"line":74,"column":273},"end":{"line":74,"column":285}},"line":74},"75":{"name":"(anonymous_75)","decl":{"start":{"line":74,"column":373},"end":{"line":74,"column":374}},"loc":{"start":{"line":74,"column":383},"end":{"line":74,"column":418}},"line":74}},"branchMap":{"0":{"loc":{"start":{"line":1,"column":50},"end":{"line":1,"column":78}},"type":"if","locations":[{"start":{"line":1,"column":50},"end":{"line":1,"column":78}},{"start":{"line":1,"column":50},"end":{"line":1,"column":78}}],"line":1},"1":{"loc":{"start":{"line":1,"column":209},"end":{"line":1,"column":267}},"type":"binary-expr","locations":[{"start":{"line":1,"column":209},"end":{"line":1,"column":217}},{"start":{"line":1,"column":219},"end":{"line":1,"column":267}}],"line":1},"2":{"loc":{"start":{"line":1,"column":285},"end":{"line":1,"column":393}},"type":"binary-expr","locations":[{"start":{"line":1,"column":285},"end":{"line":1,"column":311}},{"start":{"line":1,"column":313},"end":{"line":1,"column":331}},{"start":{"line":1,"column":333},"end":{"line":1,"column":393}}],"line":1},"3":{"loc":{"start":{"line":1,"column":462},"end":{"line":1,"column":492}},"type":"if","locations":[{"start":{"line":1,"column":462},"end":{"line":1,"column":492}},{"start":{"line":1,"column":462},"end":{"line":1,"column":492}}],"line":1},"4":{"loc":{"start":{"line":1,"column":465},"end":{"line":1,"column":478}},"type":"binary-expr","locations":[{"start":{"line":1,"column":465},"end":{"line":1,"column":468}},{"start":{"line":1,"column":471},"end":{"line":1,"column":477}}],"line":1},"5":{"loc":{"start":{"line":1,"column":492},"end":{"line":1,"column":545}},"type":"if","locations":[{"start":{"line":1,"column":492},"end":{"line":1,"column":545}},{"start":{"line":1,"column":492},"end":{"line":1,"column":545}}],"line":1},"6":{"loc":{"start":{"line":1,"column":495},"end":{"line":1,"column":535}},"type":"binary-expr","locations":[{"start":{"line":1,"column":495},"end":{"line":1,"column":498}},{"start":{"line":1,"column":500},"end":{"line":1,"column":518}},{"start":{"line":1,"column":520},"end":{"line":1,"column":521}},{"start":{"line":1,"column":523},"end":{"line":1,"column":535}}],"line":1},"7":{"loc":{"start":{"line":1,"column":571},"end":{"line":1,"column":726}},"type":"if","locations":[{"start":{"line":1,"column":571},"end":{"line":1,"column":726}},{"start":{"line":1,"column":571},"end":{"line":1,"column":726}}],"line":1},"8":{"loc":{"start":{"line":1,"column":640},"end":{"line":1,"column":663}},"type":"binary-expr","locations":[{"start":{"line":1,"column":640},"end":{"line":1,"column":643}},{"start":{"line":1,"column":645},"end":{"line":1,"column":663}}],"line":1},"9":{"loc":{"start":{"line":1,"column":758},"end":{"line":1,"column":823}},"type":"cond-expr","locations":[{"start":{"line":1,"column":774},"end":{"line":1,"column":802}},{"start":{"line":1,"column":803},"end":{"line":1,"column":823}}],"line":1},"10":{"loc":{"start":{"line":1,"column":758},"end":{"line":1,"column":773}},"type":"binary-expr","locations":[{"start":{"line":1,"column":758},"end":{"line":1,"column":759}},{"start":{"line":1,"column":761},"end":{"line":1,"column":773}}],"line":1},"11":{"loc":{"start":{"line":1,"column":1114},"end":{"line":1,"column":1397}},"type":"if","locations":[{"start":{"line":1,"column":1114},"end":{"line":1,"column":1397}},{"start":{"line":1,"column":1114},"end":{"line":1,"column":1397}}],"line":1},"12":{"loc":{"start":{"line":1,"column":1205},"end":{"line":1,"column":1223}},"type":"binary-expr","locations":[{"start":{"line":1,"column":1205},"end":{"line":1,"column":1212}},{"start":{"line":1,"column":1215},"end":{"line":1,"column":1222}}],"line":1},"13":{"loc":{"start":{"line":1,"column":1310},"end":{"line":1,"column":1341}},"type":"binary-expr","locations":[{"start":{"line":1,"column":1310},"end":{"line":1,"column":1311}},{"start":{"line":1,"column":1313},"end":{"line":1,"column":1341}}],"line":1},"14":{"loc":{"start":{"line":1,"column":1374},"end":{"line":1,"column":1386}},"type":"binary-expr","locations":[{"start":{"line":1,"column":1374},"end":{"line":1,"column":1383}},{"start":{"line":1,"column":1385},"end":{"line":1,"column":1386}}],"line":1},"15":{"loc":{"start":{"line":1,"column":1397},"end":{"line":1,"column":1511}},"type":"binary-expr","locations":[{"start":{"line":1,"column":1397},"end":{"line":1,"column":1398}},{"start":{"line":1,"column":1401},"end":{"line":1,"column":1510}}],"line":1},"16":{"loc":{"start":{"line":1,"column":1401},"end":{"line":1,"column":1510}},"type":"cond-expr","locations":[{"start":{"line":1,"column":1443},"end":{"line":1,"column":1489}},{"start":{"line":1,"column":1490},"end":{"line":1,"column":1510}}],"line":1},"17":{"loc":{"start":{"line":1,"column":1512},"end":{"line":1,"column":1586}},"type":"binary-expr","locations":[{"start":{"line":1,"column":1512},"end":{"line":1,"column":1513}},{"start":{"line":1,"column":1515},"end":{"line":1,"column":1586}}],"line":1},"18":{"loc":{"start":{"line":1,"column":1607},"end":{"line":1,"column":1611}},"type":"binary-expr","locations":[{"start":{"line":1,"column":1607},"end":{"line":1,"column":1608}},{"start":{"line":1,"column":1610},"end":{"line":1,"column":1611}}],"line":1},"19":{"loc":{"start":{"line":1,"column":1778},"end":{"line":1,"column":1830}},"type":"cond-expr","locations":[{"start":{"line":1,"column":1800},"end":{"line":1,"column":1819}},{"start":{"line":1,"column":1821},"end":{"line":1,"column":1830}}],"line":1},"20":{"loc":{"start":{"line":1,"column":1840},"end":{"line":1,"column":1974}},"type":"cond-expr","locations":[{"start":{"line":1,"column":1881},"end":{"line":1,"column":1931}},{"start":{"line":1,"column":1932},"end":{"line":1,"column":1974}}],"line":1},"21":{"loc":{"start":{"line":1,"column":2701},"end":{"line":1,"column":2749}},"type":"if","locations":[{"start":{"line":1,"column":2701},"end":{"line":1,"column":2749}},{"start":{"line":1,"column":2701},"end":{"line":1,"column":2749}}],"line":1},"22":{"loc":{"start":{"line":1,"column":2784},"end":{"line":1,"column":2805}},"type":"if","locations":[{"start":{"line":1,"column":2784},"end":{"line":1,"column":2805}},{"start":{"line":1,"column":2784},"end":{"line":1,"column":2805}}],"line":1},"23":{"loc":{"start":{"line":1,"column":2845},"end":{"line":1,"column":2960}},"type":"if","locations":[{"start":{"line":1,"column":2845},"end":{"line":1,"column":2960}},{"start":{"line":1,"column":2845},"end":{"line":1,"column":2960}}],"line":1},"24":{"loc":{"start":{"line":1,"column":2848},"end":{"line":1,"column":2921}},"type":"binary-expr","locations":[{"start":{"line":1,"column":2848},"end":{"line":1,"column":2860}},{"start":{"line":1,"column":2862},"end":{"line":1,"column":2889}},{"start":{"line":1,"column":2891},"end":{"line":1,"column":2921}}],"line":1},"25":{"loc":{"start":{"line":1,"column":2960},"end":{"line":1,"column":2997}},"type":"if","locations":[{"start":{"line":1,"column":2960},"end":{"line":1,"column":2997}},{"start":{"line":1,"column":2960},"end":{"line":1,"column":2997}}],"line":1},"26":{"loc":{"start":{"line":1,"column":3032},"end":{"line":1,"column":3056}},"type":"cond-expr","locations":[{"start":{"line":1,"column":3034},"end":{"line":1,"column":3051}},{"start":{"line":1,"column":3052},"end":{"line":1,"column":3056}}],"line":1},"27":{"loc":{"start":{"line":1,"column":3127},"end":{"line":1,"column":3224}},"type":"if","locations":[{"start":{"line":1,"column":3127},"end":{"line":1,"column":3224}},{"start":{"line":1,"column":3127},"end":{"line":1,"column":3224}}],"line":1},"28":{"loc":{"start":{"line":1,"column":3130},"end":{"line":1,"column":3187}},"type":"binary-expr","locations":[{"start":{"line":1,"column":3130},"end":{"line":1,"column":3132}},{"start":{"line":1,"column":3134},"end":{"line":1,"column":3158}},{"start":{"line":1,"column":3160},"end":{"line":1,"column":3187}}],"line":1},"29":{"loc":{"start":{"line":1,"column":3251},"end":{"line":1,"column":3329}},"type":"if","locations":[{"start":{"line":1,"column":3251},"end":{"line":1,"column":3329}},{"start":{"line":1,"column":3251},"end":{"line":1,"column":3329}}],"line":1},"30":{"loc":{"start":{"line":1,"column":3272},"end":{"line":1,"column":3298}},"type":"cond-expr","locations":[{"start":{"line":1,"column":3274},"end":{"line":1,"column":3275}},{"start":{"line":1,"column":3276},"end":{"line":1,"column":3298}}],"line":1},"31":{"loc":{"start":{"line":1,"column":3299},"end":{"line":1,"column":3328}},"type":"binary-expr","locations":[{"start":{"line":1,"column":3299},"end":{"line":1,"column":3300}},{"start":{"line":1,"column":3302},"end":{"line":1,"column":3307}},{"start":{"line":1,"column":3310},"end":{"line":1,"column":3327}}],"line":1},"32":{"loc":{"start":{"line":1,"column":3573},"end":{"line":29,"column":15}},"type":"switch","locations":[{"start":{"line":1,"column":3583},"end":{"line":3,"column":20}},{"start":{"line":3,"column":20},"end":{"line":5,"column":90}},{"start":{"line":5,"column":90},"end":{"line":7,"column":25}},{"start":{"line":7,"column":25},"end":{"line":9,"column":25}},{"start":{"line":9,"column":25},"end":{"line":11,"column":25}},{"start":{"line":11,"column":25},"end":{"line":13,"column":25}},{"start":{"line":13,"column":25},"end":{"line":15,"column":35}},{"start":{"line":15,"column":35},"end":{"line":17,"column":59}},{"start":{"line":17,"column":59},"end":{"line":19,"column":24}},{"start":{"line":19,"column":24},"end":{"line":21,"column":19}},{"start":{"line":21,"column":19},"end":{"line":23,"column":20}},{"start":{"line":23,"column":20},"end":{"line":25,"column":23}},{"start":{"line":25,"column":23},"end":{"line":27,"column":20}},{"start":{"line":27,"column":20},"end":{"line":29,"column":14}}],"line":1},"33":{"loc":{"start":{"line":5,"column":21},"end":{"line":5,"column":82}},"type":"cond-expr","locations":[{"start":{"line":5,"column":49},"end":{"line":5,"column":68}},{"start":{"line":5,"column":69},"end":{"line":5,"column":82}}],"line":5},"34":{"loc":{"start":{"line":17,"column":28},"end":{"line":17,"column":43}},"type":"cond-expr","locations":[{"start":{"line":17,"column":33},"end":{"line":17,"column":34}},{"start":{"line":17,"column":35},"end":{"line":17,"column":43}}],"line":17},"35":{"loc":{"start":{"line":29,"column":177},"end":{"line":29,"column":280}},"type":"switch","locations":[{"start":{"line":29,"column":195},"end":{"line":29,"column":235}},{"start":{"line":29,"column":235},"end":{"line":29,"column":263}},{"start":{"line":29,"column":263},"end":{"line":29,"column":279}}],"line":29},"36":{"loc":{"start":{"line":29,"column":944},"end":{"line":29,"column":1052}},"type":"if","locations":[{"start":{"line":29,"column":944},"end":{"line":29,"column":1052}},{"start":{"line":29,"column":944},"end":{"line":29,"column":1052}}],"line":29},"37":{"loc":{"start":{"line":29,"column":967},"end":{"line":29,"column":1011}},"type":"binary-expr","locations":[{"start":{"line":29,"column":967},"end":{"line":29,"column":996}},{"start":{"line":29,"column":998},"end":{"line":29,"column":1011}}],"line":29},"38":{"loc":{"start":{"line":29,"column":1012},"end":{"line":29,"column":1040}},"type":"binary-expr","locations":[{"start":{"line":29,"column":1012},"end":{"line":29,"column":1013}},{"start":{"line":29,"column":1016},"end":{"line":29,"column":1039}}],"line":29},"39":{"loc":{"start":{"line":29,"column":1052},"end":{"line":29,"column":1096}},"type":"binary-expr","locations":[{"start":{"line":29,"column":1052},"end":{"line":29,"column":1081}},{"start":{"line":29,"column":1083},"end":{"line":29,"column":1096}}],"line":29},"40":{"loc":{"start":{"line":29,"column":1297},"end":{"line":29,"column":1367}},"type":"cond-expr","locations":[{"start":{"line":29,"column":1312},"end":{"line":29,"column":1326}},{"start":{"line":29,"column":1327},"end":{"line":29,"column":1367}}],"line":29},"41":{"loc":{"start":{"line":29,"column":1541},"end":{"line":29,"column":1581}},"type":"binary-expr","locations":[{"start":{"line":29,"column":1541},"end":{"line":29,"column":1559}},{"start":{"line":29,"column":1562},"end":{"line":29,"column":1580}}],"line":29},"42":{"loc":{"start":{"line":29,"column":1564},"end":{"line":29,"column":1580}},"type":"binary-expr","locations":[{"start":{"line":29,"column":1564},"end":{"line":29,"column":1577}},{"start":{"line":29,"column":1579},"end":{"line":29,"column":1580}}],"line":29},"43":{"loc":{"start":{"line":29,"column":1582},"end":{"line":29,"column":1586}},"type":"binary-expr","locations":[{"start":{"line":29,"column":1582},"end":{"line":29,"column":1583}},{"start":{"line":29,"column":1585},"end":{"line":29,"column":1586}}],"line":29},"44":{"loc":{"start":{"line":29,"column":1587},"end":{"line":29,"column":1620}},"type":"binary-expr","locations":[{"start":{"line":29,"column":1587},"end":{"line":29,"column":1612}},{"start":{"line":29,"column":1614},"end":{"line":29,"column":1620}}],"line":29},"45":{"loc":{"start":{"line":29,"column":1693},"end":{"line":29,"column":1762}},"type":"binary-expr","locations":[{"start":{"line":29,"column":1693},"end":{"line":29,"column":1706}},{"start":{"line":29,"column":1708},"end":{"line":29,"column":1749}},{"start":{"line":29,"column":1752},"end":{"line":29,"column":1761}}],"line":29},"46":{"loc":{"start":{"line":29,"column":1799},"end":{"line":29,"column":1969}},"type":"cond-expr","locations":[{"start":{"line":29,"column":1831},"end":{"line":29,"column":1929}},{"start":{"line":29,"column":1930},"end":{"line":29,"column":1969}}],"line":29},"47":{"loc":{"start":{"line":29,"column":1870},"end":{"line":29,"column":1898}},"type":"binary-expr","locations":[{"start":{"line":29,"column":1870},"end":{"line":29,"column":1871}},{"start":{"line":29,"column":1874},"end":{"line":29,"column":1897}}],"line":29},"48":{"loc":{"start":{"line":29,"column":1970},"end":{"line":29,"column":2098}},"type":"cond-expr","locations":[{"start":{"line":29,"column":2001},"end":{"line":29,"column":2060}},{"start":{"line":29,"column":2061},"end":{"line":29,"column":2098}}],"line":29},"49":{"loc":{"start":{"line":29,"column":2146},"end":{"line":29,"column":2395}},"type":"binary-expr","locations":[{"start":{"line":29,"column":2146},"end":{"line":29,"column":2147}},{"start":{"line":29,"column":2150},"end":{"line":29,"column":2394}}],"line":29},"50":{"loc":{"start":{"line":29,"column":2150},"end":{"line":29,"column":2234}},"type":"binary-expr","locations":[{"start":{"line":29,"column":2151},"end":{"line":29,"column":2163}},{"start":{"line":29,"column":2165},"end":{"line":29,"column":2180}},{"start":{"line":29,"column":2184},"end":{"line":29,"column":2233}}],"line":29},"51":{"loc":{"start":{"line":29,"column":2235},"end":{"line":29,"column":2298}},"type":"binary-expr","locations":[{"start":{"line":29,"column":2235},"end":{"line":29,"column":2247}},{"start":{"line":29,"column":2249},"end":{"line":29,"column":2291}},{"start":{"line":29,"column":2294},"end":{"line":29,"column":2297}}],"line":29},"52":{"loc":{"start":{"line":29,"column":2299},"end":{"line":29,"column":2368}},"type":"binary-expr","locations":[{"start":{"line":29,"column":2299},"end":{"line":29,"column":2314}},{"start":{"line":29,"column":2316},"end":{"line":29,"column":2361}},{"start":{"line":29,"column":2364},"end":{"line":29,"column":2367}}],"line":29},"53":{"loc":{"start":{"line":29,"column":2369},"end":{"line":29,"column":2394}},"type":"binary-expr","locations":[{"start":{"line":29,"column":2369},"end":{"line":29,"column":2370}},{"start":{"line":29,"column":2372},"end":{"line":29,"column":2381}},{"start":{"line":29,"column":2383},"end":{"line":29,"column":2394}}],"line":29},"54":{"loc":{"start":{"line":29,"column":2396},"end":{"line":29,"column":2438}},"type":"if","locations":[{"start":{"line":29,"column":2396},"end":{"line":29,"column":2438}},{"start":{"line":29,"column":2396},"end":{"line":29,"column":2438}}],"line":29},"55":{"loc":{"start":{"line":29,"column":2438},"end":{"line":29,"column":2818}},"type":"if","locations":[{"start":{"line":29,"column":2438},"end":{"line":29,"column":2818}},{"start":{"line":29,"column":2438},"end":{"line":29,"column":2818}}],"line":29},"56":{"loc":{"start":{"line":29,"column":2441},"end":{"line":29,"column":2480}},"type":"binary-expr","locations":[{"start":{"line":29,"column":2441},"end":{"line":29,"column":2458}},{"start":{"line":29,"column":2460},"end":{"line":29,"column":2480}}],"line":29},"57":{"loc":{"start":{"line":29,"column":2481},"end":{"line":29,"column":2540}},"type":"binary-expr","locations":[{"start":{"line":29,"column":2481},"end":{"line":29,"column":2482}},{"start":{"line":29,"column":2485},"end":{"line":29,"column":2539}}],"line":29},"58":{"loc":{"start":{"line":29,"column":2516},"end":{"line":29,"column":2539}},"type":"binary-expr","locations":[{"start":{"line":29,"column":2516},"end":{"line":29,"column":2524}},{"start":{"line":29,"column":2527},"end":{"line":29,"column":2538}}],"line":29},"59":{"loc":{"start":{"line":29,"column":2745},"end":{"line":29,"column":2789}},"type":"binary-expr","locations":[{"start":{"line":29,"column":2745},"end":{"line":29,"column":2746}},{"start":{"line":29,"column":2748},"end":{"line":29,"column":2776}},{"start":{"line":29,"column":2778},"end":{"line":29,"column":2789}}],"line":29},"60":{"loc":{"start":{"line":29,"column":2937},"end":{"line":29,"column":2962}},"type":"binary-expr","locations":[{"start":{"line":29,"column":2937},"end":{"line":29,"column":2959}},{"start":{"line":29,"column":2961},"end":{"line":29,"column":2962}}],"line":29},"61":{"loc":{"start":{"line":29,"column":3190},"end":{"line":29,"column":3250}},"type":"binary-expr","locations":[{"start":{"line":29,"column":3190},"end":{"line":29,"column":3212}},{"start":{"line":29,"column":3214},"end":{"line":29,"column":3232}},{"start":{"line":29,"column":3235},"end":{"line":29,"column":3249}}],"line":29},"62":{"loc":{"start":{"line":29,"column":3362},"end":{"line":29,"column":3402}},"type":"binary-expr","locations":[{"start":{"line":29,"column":3362},"end":{"line":29,"column":3380}},{"start":{"line":29,"column":3383},"end":{"line":29,"column":3401}}],"line":29},"63":{"loc":{"start":{"line":29,"column":3385},"end":{"line":29,"column":3401}},"type":"binary-expr","locations":[{"start":{"line":29,"column":3385},"end":{"line":29,"column":3398}},{"start":{"line":29,"column":3400},"end":{"line":29,"column":3401}}],"line":29},"64":{"loc":{"start":{"line":29,"column":3403},"end":{"line":29,"column":3407}},"type":"binary-expr","locations":[{"start":{"line":29,"column":3403},"end":{"line":29,"column":3404}},{"start":{"line":29,"column":3406},"end":{"line":29,"column":3407}}],"line":29},"65":{"loc":{"start":{"line":29,"column":3442},"end":{"line":29,"column":3547}},"type":"if","locations":[{"start":{"line":29,"column":3442},"end":{"line":29,"column":3547}},{"start":{"line":29,"column":3442},"end":{"line":29,"column":3547}}],"line":29},"66":{"loc":{"start":{"line":29,"column":3520},"end":{"line":29,"column":3546}},"type":"binary-expr","locations":[{"start":{"line":29,"column":3520},"end":{"line":29,"column":3539}},{"start":{"line":29,"column":3542},"end":{"line":29,"column":3545}}],"line":29},"67":{"loc":{"start":{"line":29,"column":3590},"end":{"line":29,"column":3633}},"type":"binary-expr","locations":[{"start":{"line":29,"column":3590},"end":{"line":29,"column":3604}},{"start":{"line":29,"column":3606},"end":{"line":29,"column":3633}}],"line":29},"68":{"loc":{"start":{"line":29,"column":3634},"end":{"line":29,"column":3671}},"type":"binary-expr","locations":[{"start":{"line":29,"column":3634},"end":{"line":29,"column":3645}},{"start":{"line":29,"column":3647},"end":{"line":29,"column":3671}}],"line":29},"69":{"loc":{"start":{"line":29,"column":3684},"end":{"line":29,"column":4230}},"type":"if","locations":[{"start":{"line":29,"column":3684},"end":{"line":29,"column":4230}},{"start":{"line":29,"column":3684},"end":{"line":29,"column":4230}}],"line":29},"70":{"loc":{"start":{"line":29,"column":3748},"end":{"line":29,"column":4230}},"type":"if","locations":[{"start":{"line":29,"column":3748},"end":{"line":29,"column":4230}},{"start":{"line":29,"column":3748},"end":{"line":29,"column":4230}}],"line":29},"71":{"loc":{"start":{"line":29,"column":3751},"end":{"line":29,"column":3761}},"type":"binary-expr","locations":[{"start":{"line":29,"column":3751},"end":{"line":29,"column":3752}},{"start":{"line":29,"column":3755},"end":{"line":29,"column":3760}}],"line":29},"72":{"loc":{"start":{"line":29,"column":3764},"end":{"line":29,"column":3780}},"type":"binary-expr","locations":[{"start":{"line":29,"column":3764},"end":{"line":29,"column":3768}},{"start":{"line":29,"column":3770},"end":{"line":29,"column":3777}},{"start":{"line":29,"column":3779},"end":{"line":29,"column":3780}}],"line":29},"73":{"loc":{"start":{"line":29,"column":3807},"end":{"line":29,"column":3832}},"type":"binary-expr","locations":[{"start":{"line":29,"column":3807},"end":{"line":29,"column":3829}},{"start":{"line":29,"column":3831},"end":{"line":29,"column":3832}}],"line":29},"74":{"loc":{"start":{"line":29,"column":3872},"end":{"line":29,"column":3958}},"type":"cond-expr","locations":[{"start":{"line":29,"column":3900},"end":{"line":29,"column":3942}},{"start":{"line":29,"column":3943},"end":{"line":29,"column":3958}}],"line":29},"75":{"loc":{"start":{"line":29,"column":3959},"end":{"line":29,"column":4030}},"type":"binary-expr","locations":[{"start":{"line":29,"column":3959},"end":{"line":29,"column":3992}},{"start":{"line":29,"column":3995},"end":{"line":29,"column":4029}}],"line":29},"76":{"loc":{"start":{"line":29,"column":4031},"end":{"line":29,"column":4109}},"type":"cond-expr","locations":[{"start":{"line":29,"column":4040},"end":{"line":29,"column":4090}},{"start":{"line":29,"column":4091},"end":{"line":29,"column":4109}}],"line":29},"77":{"loc":{"start":{"line":29,"column":4154},"end":{"line":29,"column":4223}},"type":"binary-expr","locations":[{"start":{"line":29,"column":4154},"end":{"line":29,"column":4216}},{"start":{"line":29,"column":4219},"end":{"line":29,"column":4222}}],"line":29},"78":{"loc":{"start":{"line":29,"column":4230},"end":{"line":29,"column":4956}},"type":"switch","locations":[{"start":{"line":29,"column":4240},"end":{"line":29,"column":4675}},{"start":{"line":29,"column":4675},"end":{"line":29,"column":4738}},{"start":{"line":29,"column":4738},"end":{"line":29,"column":4908}},{"start":{"line":29,"column":4908},"end":{"line":29,"column":4955}}],"line":29},"79":{"loc":{"start":{"line":29,"column":4248},"end":{"line":29,"column":4460}},"type":"if","locations":[{"start":{"line":29,"column":4248},"end":{"line":29,"column":4460}},{"start":{"line":29,"column":4248},"end":{"line":29,"column":4460}}],"line":29},"80":{"loc":{"start":{"line":29,"column":4384},"end":{"line":29,"column":4453}},"type":"binary-expr","locations":[{"start":{"line":29,"column":4384},"end":{"line":29,"column":4446}},{"start":{"line":29,"column":4449},"end":{"line":29,"column":4452}}],"line":29},"81":{"loc":{"start":{"line":29,"column":4599},"end":{"line":29,"column":4668}},"type":"binary-expr","locations":[{"start":{"line":29,"column":4599},"end":{"line":29,"column":4661}},{"start":{"line":29,"column":4664},"end":{"line":29,"column":4667}}],"line":29},"82":{"loc":{"start":{"line":29,"column":4745},"end":{"line":29,"column":4841}},"type":"if","locations":[{"start":{"line":29,"column":4745},"end":{"line":29,"column":4841}},{"start":{"line":29,"column":4745},"end":{"line":29,"column":4841}}],"line":29},"83":{"loc":{"start":{"line":29,"column":4915},"end":{"line":29,"column":4955}},"type":"binary-expr","locations":[{"start":{"line":29,"column":4915},"end":{"line":29,"column":4921}},{"start":{"line":29,"column":4924},"end":{"line":29,"column":4954}}],"line":29},"84":{"loc":{"start":{"line":29,"column":4929},"end":{"line":29,"column":4954}},"type":"binary-expr","locations":[{"start":{"line":29,"column":4929},"end":{"line":29,"column":4944}},{"start":{"line":29,"column":4947},"end":{"line":29,"column":4953}}],"line":29},"85":{"loc":{"start":{"line":29,"column":4972},"end":{"line":29,"column":5018}},"type":"if","locations":[{"start":{"line":29,"column":4972},"end":{"line":29,"column":5018}},{"start":{"line":29,"column":4972},"end":{"line":29,"column":5018}}],"line":29},"86":{"loc":{"start":{"line":29,"column":5018},"end":{"line":29,"column":5101}},"type":"if","locations":[{"start":{"line":29,"column":5018},"end":{"line":29,"column":5101}},{"start":{"line":29,"column":5018},"end":{"line":29,"column":5101}}],"line":29},"87":{"loc":{"start":{"line":29,"column":5021},"end":{"line":29,"column":5092}},"type":"binary-expr","locations":[{"start":{"line":29,"column":5021},"end":{"line":29,"column":5022}},{"start":{"line":29,"column":5024},"end":{"line":29,"column":5060}},{"start":{"line":29,"column":5062},"end":{"line":29,"column":5092}}],"line":29},"88":{"loc":{"start":{"line":29,"column":5184},"end":{"line":29,"column":5253}},"type":"binary-expr","locations":[{"start":{"line":29,"column":5184},"end":{"line":29,"column":5246}},{"start":{"line":29,"column":5249},"end":{"line":29,"column":5252}}],"line":29},"89":{"loc":{"start":{"line":29,"column":5442},"end":{"line":29,"column":5724}},"type":"if","locations":[{"start":{"line":29,"column":5442},"end":{"line":29,"column":5724}},{"start":{"line":29,"column":5442},"end":{"line":29,"column":5724}}],"line":29},"90":{"loc":{"start":{"line":29,"column":5532},"end":{"line":29,"column":5550}},"type":"binary-expr","locations":[{"start":{"line":29,"column":5532},"end":{"line":29,"column":5539}},{"start":{"line":29,"column":5542},"end":{"line":29,"column":5549}}],"line":29},"91":{"loc":{"start":{"line":29,"column":5637},"end":{"line":29,"column":5668}},"type":"binary-expr","locations":[{"start":{"line":29,"column":5637},"end":{"line":29,"column":5638}},{"start":{"line":29,"column":5640},"end":{"line":29,"column":5668}}],"line":29},"92":{"loc":{"start":{"line":29,"column":5701},"end":{"line":29,"column":5713}},"type":"binary-expr","locations":[{"start":{"line":29,"column":5701},"end":{"line":29,"column":5710}},{"start":{"line":29,"column":5712},"end":{"line":29,"column":5713}}],"line":29},"93":{"loc":{"start":{"line":29,"column":5724},"end":{"line":29,"column":5838}},"type":"binary-expr","locations":[{"start":{"line":29,"column":5724},"end":{"line":29,"column":5725}},{"start":{"line":29,"column":5728},"end":{"line":29,"column":5837}}],"line":29},"94":{"loc":{"start":{"line":29,"column":5728},"end":{"line":29,"column":5837}},"type":"cond-expr","locations":[{"start":{"line":29,"column":5770},"end":{"line":29,"column":5816}},{"start":{"line":29,"column":5817},"end":{"line":29,"column":5837}}],"line":29},"95":{"loc":{"start":{"line":29,"column":5839},"end":{"line":29,"column":5913}},"type":"binary-expr","locations":[{"start":{"line":29,"column":5839},"end":{"line":29,"column":5840}},{"start":{"line":29,"column":5842},"end":{"line":29,"column":5913}}],"line":29},"96":{"loc":{"start":{"line":29,"column":5920},"end":{"line":29,"column":6054}},"type":"cond-expr","locations":[{"start":{"line":29,"column":5961},"end":{"line":29,"column":6011}},{"start":{"line":29,"column":6012},"end":{"line":29,"column":6054}}],"line":29},"97":{"loc":{"start":{"line":29,"column":6394},"end":{"line":29,"column":6777}},"type":"if","locations":[{"start":{"line":29,"column":6394},"end":{"line":29,"column":6777}},{"start":{"line":29,"column":6394},"end":{"line":29,"column":6777}}],"line":29},"98":{"loc":{"start":{"line":29,"column":6404},"end":{"line":29,"column":6455}},"type":"binary-expr","locations":[{"start":{"line":29,"column":6404},"end":{"line":29,"column":6411}},{"start":{"line":29,"column":6414},"end":{"line":29,"column":6454}}],"line":29},"99":{"loc":{"start":{"line":29,"column":6418},"end":{"line":29,"column":6453}},"type":"binary-expr","locations":[{"start":{"line":29,"column":6418},"end":{"line":29,"column":6435}},{"start":{"line":29,"column":6437},"end":{"line":29,"column":6453}}],"line":29},"100":{"loc":{"start":{"line":29,"column":6456},"end":{"line":29,"column":6470}},"type":"binary-expr","locations":[{"start":{"line":29,"column":6456},"end":{"line":29,"column":6467}},{"start":{"line":29,"column":6469},"end":{"line":29,"column":6470}}],"line":29},"101":{"loc":{"start":{"line":29,"column":6471},"end":{"line":29,"column":6777}},"type":"if","locations":[{"start":{"line":29,"column":6471},"end":{"line":29,"column":6777}},{"start":{"line":29,"column":6471},"end":{"line":29,"column":6777}}],"line":29},"102":{"loc":{"start":{"line":29,"column":6551},"end":{"line":29,"column":6578}},"type":"binary-expr","locations":[{"start":{"line":29,"column":6551},"end":{"line":29,"column":6567}},{"start":{"line":29,"column":6570},"end":{"line":29,"column":6577}}],"line":29},"103":{"loc":{"start":{"line":29,"column":6646},"end":{"line":29,"column":6777}},"type":"if","locations":[{"start":{"line":29,"column":6646},"end":{"line":29,"column":6777}},{"start":{"line":29,"column":6646},"end":{"line":29,"column":6777}}],"line":29},"104":{"loc":{"start":{"line":29,"column":6713},"end":{"line":29,"column":6776}},"type":"binary-expr","locations":[{"start":{"line":29,"column":6713},"end":{"line":29,"column":6714}},{"start":{"line":29,"column":6717},"end":{"line":29,"column":6775}}],"line":29},"105":{"loc":{"start":{"line":29,"column":6717},"end":{"line":29,"column":6775}},"type":"cond-expr","locations":[{"start":{"line":29,"column":6761},"end":{"line":29,"column":6770}},{"start":{"line":29,"column":6771},"end":{"line":29,"column":6775}}],"line":29},"106":{"loc":{"start":{"line":29,"column":6717},"end":{"line":29,"column":6760}},"type":"binary-expr","locations":[{"start":{"line":29,"column":6717},"end":{"line":29,"column":6725}},{"start":{"line":29,"column":6727},"end":{"line":29,"column":6747}},{"start":{"line":29,"column":6749},"end":{"line":29,"column":6760}}],"line":29},"107":{"loc":{"start":{"line":29,"column":6955},"end":{"line":29,"column":7015}},"type":"binary-expr","locations":[{"start":{"line":29,"column":6955},"end":{"line":29,"column":6977}},{"start":{"line":29,"column":6979},"end":{"line":29,"column":6997}},{"start":{"line":29,"column":7000},"end":{"line":29,"column":7014}}],"line":29},"108":{"loc":{"start":{"line":29,"column":7101},"end":{"line":29,"column":7363}},"type":"if","locations":[{"start":{"line":29,"column":7101},"end":{"line":29,"column":7363}},{"start":{"line":29,"column":7101},"end":{"line":29,"column":7363}}],"line":29},"109":{"loc":{"start":{"line":29,"column":7104},"end":{"line":29,"column":7131}},"type":"binary-expr","locations":[{"start":{"line":29,"column":7104},"end":{"line":29,"column":7105}},{"start":{"line":29,"column":7108},"end":{"line":29,"column":7130}}],"line":29},"110":{"loc":{"start":{"line":29,"column":7141},"end":{"line":29,"column":7267}},"type":"if","locations":[{"start":{"line":29,"column":7141},"end":{"line":29,"column":7267}},{"start":{"line":29,"column":7141},"end":{"line":29,"column":7267}}],"line":29},"111":{"loc":{"start":{"line":29,"column":7144},"end":{"line":29,"column":7204}},"type":"binary-expr","locations":[{"start":{"line":29,"column":7144},"end":{"line":29,"column":7158}},{"start":{"line":29,"column":7160},"end":{"line":29,"column":7204}}],"line":29},"112":{"loc":{"start":{"line":29,"column":7212},"end":{"line":29,"column":7266}},"type":"binary-expr","locations":[{"start":{"line":29,"column":7212},"end":{"line":29,"column":7254}},{"start":{"line":29,"column":7256},"end":{"line":29,"column":7266}}],"line":29},"113":{"loc":{"start":{"line":29,"column":7267},"end":{"line":29,"column":7362}},"type":"if","locations":[{"start":{"line":29,"column":7267},"end":{"line":29,"column":7362}},{"start":{"line":29,"column":7267},"end":{"line":29,"column":7362}}],"line":29},"114":{"loc":{"start":{"line":29,"column":7315},"end":{"line":29,"column":7362}},"type":"binary-expr","locations":[{"start":{"line":29,"column":7315},"end":{"line":29,"column":7350}},{"start":{"line":29,"column":7352},"end":{"line":29,"column":7362}}],"line":29},"115":{"loc":{"start":{"line":29,"column":7410},"end":{"line":29,"column":7456}},"type":"binary-expr","locations":[{"start":{"line":29,"column":7410},"end":{"line":29,"column":7421}},{"start":{"line":29,"column":7424},"end":{"line":29,"column":7455}}],"line":29},"116":{"loc":{"start":{"line":29,"column":7604},"end":{"line":29,"column":7642}},"type":"binary-expr","locations":[{"start":{"line":29,"column":7604},"end":{"line":29,"column":7612}},{"start":{"line":29,"column":7615},"end":{"line":29,"column":7641}}],"line":29},"117":{"loc":{"start":{"line":29,"column":7643},"end":{"line":29,"column":7703}},"type":"binary-expr","locations":[{"start":{"line":29,"column":7643},"end":{"line":29,"column":7691}},{"start":{"line":29,"column":7693},"end":{"line":29,"column":7703}}],"line":29},"118":{"loc":{"start":{"line":29,"column":7733},"end":{"line":29,"column":7910}},"type":"if","locations":[{"start":{"line":29,"column":7733},"end":{"line":29,"column":7910}},{"start":{"line":29,"column":7733},"end":{"line":29,"column":7910}}],"line":29},"119":{"loc":{"start":{"line":29,"column":7837},"end":{"line":29,"column":7881}},"type":"binary-expr","locations":[{"start":{"line":29,"column":7837},"end":{"line":29,"column":7838}},{"start":{"line":29,"column":7840},"end":{"line":29,"column":7868}},{"start":{"line":29,"column":7870},"end":{"line":29,"column":7881}}],"line":29},"120":{"loc":{"start":{"line":29,"column":8038},"end":{"line":29,"column":8075}},"type":"cond-expr","locations":[{"start":{"line":29,"column":8050},"end":{"line":29,"column":8073}},{"start":{"line":29,"column":8074},"end":{"line":29,"column":8075}}],"line":29},"121":{"loc":{"start":{"line":29,"column":8228},"end":{"line":29,"column":8587}},"type":"if","locations":[{"start":{"line":29,"column":8228},"end":{"line":29,"column":8587}},{"start":{"line":29,"column":8228},"end":{"line":29,"column":8587}}],"line":29},"122":{"loc":{"start":{"line":29,"column":8239},"end":{"line":29,"column":8253}},"type":"binary-expr","locations":[{"start":{"line":29,"column":8239},"end":{"line":29,"column":8240}},{"start":{"line":29,"column":8242},"end":{"line":29,"column":8249}},{"start":{"line":29,"column":8251},"end":{"line":29,"column":8253}}],"line":29},"123":{"loc":{"start":{"line":29,"column":8321},"end":{"line":29,"column":8358}},"type":"binary-expr","locations":[{"start":{"line":29,"column":8321},"end":{"line":29,"column":8345}},{"start":{"line":29,"column":8348},"end":{"line":29,"column":8357}}],"line":29},"124":{"loc":{"start":{"line":29,"column":8606},"end":{"line":29,"column":8611}},"type":"binary-expr","locations":[{"start":{"line":29,"column":8606},"end":{"line":29,"column":8607}},{"start":{"line":29,"column":8609},"end":{"line":29,"column":8611}}],"line":29},"125":{"loc":{"start":{"line":29,"column":8933},"end":{"line":29,"column":8987}},"type":"cond-expr","locations":[{"start":{"line":29,"column":8952},"end":{"line":29,"column":8973}},{"start":{"line":29,"column":8974},"end":{"line":29,"column":8987}}],"line":29},"126":{"loc":{"start":{"line":29,"column":8952},"end":{"line":29,"column":8973}},"type":"binary-expr","locations":[{"start":{"line":29,"column":8952},"end":{"line":29,"column":8953}},{"start":{"line":29,"column":8956},"end":{"line":29,"column":8972}}],"line":29},"127":{"loc":{"start":{"line":29,"column":9011},"end":{"line":29,"column":9039}},"type":"if","locations":[{"start":{"line":29,"column":9011},"end":{"line":29,"column":9039}},{"start":{"line":29,"column":9011},"end":{"line":29,"column":9039}}],"line":29},"128":{"loc":{"start":{"line":29,"column":9146},"end":{"line":29,"column":9324}},"type":"
[...]
},{"start":{"line":29,"column":13863},"end":{"line":29,"column":13884}}],"line":29},"177":{"loc":{"start":{"line":29,"column":13939},"end":{"line":29,"column":13949}},"type":"binary-expr","locations":[{"start":{"line":29,"column":13939},"end":{"line":29,"column":13946}},{"start":{"line":29,"column":13948},"end":{"line":29,"column":13949}}],"line":29},"178":{"loc":{"start":{"line":29,"column":13986},"end":{"line":29,"column":14057}},"type":"cond-expr","locations":[{"start":{"line":29,"column":13991},"end":{"line":29,"column":14016}},{"start":{"line":29,"column":14017},"end":{"line":29,"column":14057}}],"line":29},"179":{"loc":{"start":{"line":29,"column":14107},"end":{"line":29,"column":15105}},"type":"if","locations":[{"start":{"line":29,"column":14107},"end":{"line":29,"column":15105}},{"start":{"line":29,"column":14107},"end":{"line":29,"column":15105}}],"line":29},"180":{"loc":{"start":{"line":29,"column":14110},"end":{"line":29,"column":14572}},"type":"binary-expr","locations":[{"start":{"line":29,"column":14110},"end":{"line":29,"column":14138}},{"start":{"line":29,"column":14141},"end":{"line":29,"column":14571}}],"line":29},"181":{"loc":{"start":{"line":29,"column":14591},"end":{"line":29,"column":14766}},"type":"cond-expr","locations":[{"start":{"line":29,"column":14630},"end":{"line":29,"column":14738}},{"start":{"line":29,"column":14740},"end":{"line":29,"column":14766}}],"line":29},"182":{"loc":{"start":{"line":29,"column":15055},"end":{"line":29,"column":15093}},"type":"binary-expr","locations":[{"start":{"line":29,"column":15055},"end":{"line":29,"column":15064}},{"start":{"line":29,"column":15066},"end":{"line":29,"column":15077}},{"start":{"line":29,"column":15080},"end":{"line":29,"column":15092}}],"line":29},"183":{"loc":{"start":{"line":29,"column":15105},"end":{"line":29,"column":15192}},"type":"if","locations":[{"start":{"line":29,"column":15105},"end":{"line":29,"column":15192}},{"start":{"line":29,"column":15105},"end":{"line":29,"column":15192}}],"line":29},"184":{"loc":{"start":{"line":29,"column":15198},"end":{"line":29,"column":15290}},"type":"binary-expr","locations":[{"start":{"line":29,"column":15198},"end":{"line":29,"column":15226}},{"start":{"line":29,"column":15229},"end":{"line":29,"column":15289}}],"line":29},"185":{"loc":{"start":{"line":29,"column":15308},"end":{"line":29,"column":15350}},"type":"if","locations":[{"start":{"line":29,"column":15308},"end":{"line":29,"column":15350}},{"start":{"line":29,"column":15308},"end":{"line":29,"column":15350}}],"line":29},"186":{"loc":{"start":{"line":29,"column":15362},"end":{"line":29,"column":15389}},"type":"binary-expr","locations":[{"start":{"line":29,"column":15362},"end":{"line":29,"column":15373}},{"start":{"line":29,"column":15376},"end":{"line":29,"column":15388}}],"line":29},"187":{"loc":{"start":{"line":29,"column":15390},"end":{"line":29,"column":15414}},"type":"binary-expr","locations":[{"start":{"line":29,"column":15390},"end":{"line":29,"column":15400}},{"start":{"line":29,"column":15402},"end":{"line":29,"column":15414}}],"line":29},"188":{"loc":{"start":{"line":29,"column":15445},"end":{"line":29,"column":15893}},"type":"if","locations":[{"start":{"line":29,"column":15445},"end":{"line":29,"column":15893}},{"start":{"line":29,"column":15445},"end":{"line":29,"column":15893}}],"line":29},"189":{"loc":{"start":{"line":29,"column":15450},"end":{"line":29,"column":15510}},"type":"binary-expr","locations":[{"start":{"line":29,"column":15450},"end":{"line":29,"column":15451}},{"start":{"line":29,"column":15454},"end":{"line":29,"column":15500}},{"start":{"line":29,"column":15503},"end":{"line":29,"column":15510}}],"line":29},"190":{"loc":{"start":{"line":29,"column":15522},"end":{"line":29,"column":15583}},"type":"binary-expr","locations":[{"start":{"line":29,"column":15522},"end":{"line":29,"column":15548}},{"start":{"line":29,"column":15551},"end":{"line":29,"column":15582}}],"line":29},"191":{"loc":{"start":{"line":29,"column":15832},"end":{"line":29,"column":15892}},"type":"binary-expr","locations":[{"start":{"line":29,"column":15832},"end":{"line":29,"column":15880}},{"start":{"line":29,"column":15882},"end":{"line":29,"column":15892}}],"line":29},"192":{"loc":{"start":{"line":29,"column":15960},"end":{"line":29,"column":16184}},"type":"if","locations":[{"start":{"line":29,"column":15960},"end":{"line":29,"column":16184}},{"start":{"line":29,"column":15960},"end":{"line":29,"column":16184}}],"line":29},"193":{"loc":{"start":{"line":29,"column":15963},"end":{"line":29,"column":16021}},"type":"binary-expr","locations":[{"start":{"line":29,"column":15964},"end":{"line":29,"column":15989}},{"start":{"line":29,"column":15993},"end":{"line":29,"column":15995}},{"start":{"line":29,"column":15997},"end":{"line":29,"column":16020}}],"line":29},"194":{"loc":{"start":{"line":29,"column":16023},"end":{"line":29,"column":16156}},"type":"if","locations":[{"start":{"line":29,"column":16023},"end":{"line":29,"column":16156}},{"start":{"line":29,"column":16023},"end":{"line":29,"column":16156}}],"line":29},"195":{"loc":{"start":{"line":29,"column":16064},"end":{"line":29,"column":16109}},"type":"if","locations":[{"start":{"line":29,"column":16064},"end":{"line":29,"column":16109}},{"start":{"line":29,"column":16064},"end":{"line":29,"column":16109}}],"line":29},"196":{"loc":{"start":{"line":29,"column":16109},"end":{"line":29,"column":16147}},"type":"if","locations":[{"start":{"line":29,"column":16109},"end":{"line":29,"column":16147}},{"start":{"line":29,"column":16109},"end":{"line":29,"column":16147}}],"line":29},"197":{"loc":{"start":{"line":29,"column":16156},"end":{"line":29,"column":16183}},"type":"if","locations":[{"start":{"line":29,"column":16156},"end":{"line":29,"column":16183}},{"start":{"line":29,"column":16156},"end":{"line":29,"column":16183}}],"line":29},"198":{"loc":{"start":{"line":29,"column":16184},"end":{"line":29,"column":16231}},"type":"if","locations":[{"start":{"line":29,"column":16184},"end":{"line":29,"column":16231}},{"start":{"line":29,"column":16184},"end":{"line":29,"column":16231}}],"line":29},"199":{"loc":{"start":{"line":29,"column":16195},"end":{"line":29,"column":16230}},"type":"binary-expr","locations":[{"start":{"line":29,"column":16195},"end":{"line":29,"column":16227}},{"start":{"line":29,"column":16229},"end":{"line":29,"column":16230}}],"line":29},"200":{"loc":{"start":{"line":29,"column":16231},"end":{"line":29,"column":16675}},"type":"if","locations":[{"start":{"line":29,"column":16231},"end":{"line":29,"column":16675}},{"start":{"line":29,"column":16231},"end":{"line":29,"column":16675}}],"line":29},"201":{"loc":{"start":{"line":29,"column":16252},"end":{"line":29,"column":16313}},"type":"binary-expr","locations":[{"start":{"line":29,"column":16252},"end":{"line":29,"column":16278}},{"start":{"line":29,"column":16281},"end":{"line":29,"column":16312}}],"line":29},"202":{"loc":{"start":{"line":29,"column":16495},"end":{"line":29,"column":16672}},"type":"binary-expr","locations":[{"start":{"line":29,"column":16495},"end":{"line":29,"column":16572}},{"start":{"line":29,"column":16575},"end":{"line":29,"column":16587}},{"start":{"line":29,"column":16589},"end":{"line":29,"column":16604}},{"start":{"line":29,"column":16606},"end":{"line":29,"column":16625}},{"start":{"line":29,"column":16627},"end":{"line":29,"column":16657}},{"start":{"line":29,"column":16659},"end":{"line":29,"column":16671}}],"line":29},"203":{"loc":{"start":{"line":29,"column":16498},"end":{"line":29,"column":16558}},"type":"binary-expr","locations":[{"start":{"line":29,"column":16498},"end":{"line":29,"column":16546}},{"start":{"line":29,"column":16548},"end":{"line":29,"column":16558}}],"line":29},"204":{"loc":{"start":{"line":29,"column":16743},"end":{"line":29,"column":16805}},"type":"binary-expr","locations":[{"start":{"line":29,"column":16743},"end":{"line":29,"column":16774}},{"start":{"line":29,"column":16777},"end":{"line":29,"column":16804}}],"line":29},"205":{"loc":{"start":{"line":29,"column":16806},"end":{"line":29,"column":16887}},"type":"binary-expr","locations":[{"start":{"line":29,"column":16806},"end":{"line":29,"column":16845}},{"start":{"line":29,"column":16848},"end":{"line":29,"column":16886}}],"line":29},"206":{"loc":{"start":{"line":29,"column":16850},"end":{"line":29,"column":16886}},"type":"binary-expr","locations":[{"start":{"line":29,"column":16850},"end":{"line":29,"column":16883}},{"start":{"line":29,"column":16885},"end":{"line":29,"column":16886}}],"line":29},"207":{"loc":{"start":{"line":29,"column":16888},"end":{"line":29,"column":16968}},"type":"binary-expr","locations":[{"start":{"line":29,"column":16888},"end":{"line":29,"column":16895}},{"start":{"line":29,"column":16897},"end":{"line":29,"column":16931}},{"start":{"line":29,"column":16934},"end":{"line":29,"column":16967}}],"line":29},"208":{"loc":{"start":{"line":29,"column":16936},"end":{"line":29,"column":16967}},"type":"binary-expr","locations":[{"start":{"line":29,"column":16936},"end":{"line":29,"column":16964}},{"start":{"line":29,"column":16966},"end":{"line":29,"column":16967}}],"line":29},"209":{"loc":{"start":{"line":29,"column":16994},"end":{"line":29,"column":17076}},"type":"binary-expr","locations":[{"start":{"line":29,"column":16994},"end":{"line":29,"column":17001}},{"start":{"line":29,"column":17003},"end":{"line":29,"column":17038}},{"start":{"line":29,"column":17041},"end":{"line":29,"column":17075}}],"line":29},"210":{"loc":{"start":{"line":29,"column":17043},"end":{"line":29,"column":17075}},"type":"binary-expr","locations":[{"start":{"line":29,"column":17043},"end":{"line":29,"column":17072}},{"start":{"line":29,"column":17074},"end":{"line":29,"column":17075}}],"line":29},"211":{"loc":{"start":{"line":29,"column":17077},"end":{"line":29,"column":17160}},"type":"binary-expr","locations":[{"start":{"line":29,"column":17077},"end":{"line":29,"column":17117}},{"start":{"line":29,"column":17120},"end":{"line":29,"column":17159}}],"line":29},"212":{"loc":{"start":{"line":29,"column":17122},"end":{"line":29,"column":17159}},"type":"binary-expr","locations":[{"start":{"line":29,"column":17122},"end":{"line":29,"column":17156}},{"start":{"line":29,"column":17158},"end":{"line":29,"column":17159}}],"line":29},"213":{"loc":{"start":{"line":29,"column":17161},"end":{"line":29,"column":17228}},"type":"binary-expr","locations":[{"start":{"line":29,"column":17161},"end":{"line":29,"column":17193}},{"start":{"line":29,"column":17196},"end":{"line":29,"column":17227}}],"line":29},"214":{"loc":{"start":{"line":29,"column":17198},"end":{"line":29,"column":17227}},"type":"binary-expr","locations":[{"start":{"line":29,"column":17198},"end":{"line":29,"column":17224}},{"start":{"line":29,"column":17226},"end":{"line":29,"column":17227}}],"line":29},"215":{"loc":{"start":{"line":29,"column":17323},"end":{"line":29,"column":17598}},"type":"binary-expr","locations":[{"start":{"line":29,"column":17323},"end":{"line":29,"column":17565}},{"start":{"line":29,"column":17567},"end":{"line":29,"column":17598}}],"line":29},"216":{"loc":{"start":{"line":29,"column":17325},"end":{"line":29,"column":17564}},"type":"binary-expr","locations":[{"start":{"line":29,"column":17325},"end":{"line":29,"column":17356}},{"start":{"line":29,"column":17358},"end":{"line":29,"column":17397}},{"start":{"line":29,"column":17399},"end":{"line":29,"column":17406}},{"start":{"line":29,"column":17408},"end":{"line":29,"column":17442}},{"start":{"line":29,"column":17444},"end":{"line":29,"column":17451}},{"start":{"line":29,"column":17453},"end":{"line":29,"column":17488}},{"start":{"line":29,"column":17490},"end":{"line":29,"column":17530}},{"start":{"line":29,"column":17532},"end":{"line":29,"column":17564}}],"line":29},"217":{"loc":{"start":{"line":29,"column":17764},"end":{"line":29,"column":17874}},"type":"cond-expr","locations":[{"start":{"line":29,"column":17796},"end":{"line":29,"column":17850}},{"start":{"line":29,"column":17852},"end":{"line":29,"column":17874}}],"line":29},"218":{"loc":{"start":{"line":29,"column":17903},"end":{"line":29,"column":17986}},"type":"cond-expr","locations":[{"start":{"line":29,"column":17954},"end":{"line":29,"column":17976}},{"start":{"line":29,"column":17977},"end":{"line":29,"column":17986}}],"line":29},"219":{"loc":{"start":{"line":29,"column":17944},"end":{"line":29,"column":17948}},"type":"binary-expr","locations":[{"start":{"line":29,"column":17944},"end":{"line":29,"column":17945}},{"start":{"line":29,"column":17947},"end":{"line":29,"column":17948}}],"line":29},"220":{"loc":{"start":{"line":29,"column":18020},"end":{"line":29,"column":18188}},"type":"cond-expr","locations":[{"start":{"line":29,"column":18098},"end":{"line":29,"column":18164}},{"start":{"line":29,"column":18165},"end":{"line":29,"column":18188}}],"line":29},"221":{"loc":{"start":{"line":29,"column":18020},"end":{"line":29,"column":18097}},"type":"binary-expr","locations":[{"start":{"line":29,"column":18020},"end":{"line":29,"column":18046}},{"start":{"line":29,"column":18048},"end":{"line":29,"column":18097}}],"line":29},"222":{"loc":{"start":{"line":29,"column":18326},"end":{"line":32,"column":54}},"type":"switch","locations":[{"start":{"line":29,"column":18336},"end":{"line":32,"column":6}},{"start":{"line":32,"column":6},"end":{"line":32,"column":53}}],"line":29}},"s":{"0":1,"1":1,"2":2,"3":0,"4":2,"5":2,"6":1,"7":1,"8":1,"9":0,"10":0,"11":0,"12":0,"13":0,"14":0,"15":0,"16":0,"17":0,"18":0,"19":0,"20":0,"21":0,"22":0,"23":1,"24":1,"25":1,"26":1,"27":3,"28":1,"29":0,"30":0,"31":0,"32":0,"33":24,"34":24,"35":24,"36":222,"37":18,"38":235,"39":10,"40":10,"41":10,"42":10,"43":84,"44":84,"45":10,"46":1,"47":1,"48":0,"49":0,"50":0,"51":0,"52":0,"53":0,"54":0,"55":0,"56":0,"57":0,"58":0,"59":0,"60":0,"61":0,"62":0,"63":0,"64":0,"65":0,"66":0,"67":0,"68":0,"69":0,"70":0,"71":0,"72":1,"73":1,"74":1,"75":1,"76":1,"77":1,"78":13,"79":1,"80":7,"81":7,"82":7,"83":0,"84":0,"85":3,"86":0,"87":0,"88":0,"89":0,"90":0,"91":0,"92":0,"93":0,"94":0,"95":0,"96":0,"97":0,"98":0,"99":0,"100":0,"101":1,"102":1,"103":0,"104":0,"105":3,"106":3,"107":0,"108":0,"109":0,"110":1,"111":1,"112":1,"113":1,"114":1,"115":1,"116":1,"117":1,"118":1,"119":1,"120":24,"121":24,"122":24,"123":24,"124":111,"125":111,"126":101,"127":101,"128":9,"129":9,"130":1,"131":24,"132":1,"133":1,"134":1,"135":1,"136":1,"137":1,"138":1,"139":8,"140":1,"141":0,"142":0,"143":0,"144":3,"145":3,"146":3,"147":3,"148":3,"149":3,"150":3,"151":3,"152":3,"153":3,"154":3,"155":7,"156":7,"157":3,"158":0,"159":3,"160":0,"161":0,"162":0,"163":3,"164":3,"165":0,"166":3,"167":0,"168":0,"169":0,"170":0,"171":0,"172":3,"173":0,"174":0,"175":0,"176":0,"177":0,"178":0,"179":3,"180":0,"181":0,"182":3,"183":3,"184":3,"185":3,"186":3,"187":3,"188":14,"189":7,"190":7,"191":0,"192":0,"193":0,"194":0,"195":14,"196":0,"197":0,"198":0,"199":0,"200":0,"201":7,"202":7,"203":7,"204":3,"205":3,"206":4,"207":4,"208":4,"209":4,"210":0,"211":3,"212":0,"213":0,"214":0,"215":0,"216":0,"217":3,"218":3,"219":1,"220":1,"221":0,"222":0,"223":0,"224":0,"225":1,"226":0,"227":0,"228":0,"229":0,"230":0,"231":0,"232":0,"233":0,"234":0,"235":0,"236":0,"237":0,"238":0,"239":0,"240":0,"241":0,"242":0,"243":0,"244":0,"245":0,"246":0,"247":0,"248":0,"249":0,"250":3,"251":0,"252":0,"253":0,"254":0,"255":0,"256":3,"257":13,"258":13,"259":13,"260":6,"261":1,"262":1,"263":1,"264":1,"265":15,"266":1,"267":1,"268":1,"269":1,"270":1,"271":1,"272":1,"273":15,"274":15,"275":15,"276":1,"277":1,"278":6,"279":0,"280":0,"281":0,"282":0,"283":0,"284":0,"285":0,"286":0,"287":0,"288":0,"289":0,"290":0,"291":0,"292":0,"293":0,"294":0,"295":0,"296":0,"297":0,"298":0,"299":0,"300":0,"301":0,"302":0,"303":0,"304":0,"305":0,"306":0,"307":0,"308":0,"309":0,"310":0,"311":0,"312":0,"313":0,"314":0,"315":0,"316":0,"317":0,"318":0,"319":0,"320":0,"321":0,"322":0,"323":0,"324":0,"325":0,"326":0,"327":0,"328":0,"329":0,"330":0,"331":0,"332":0,"333":0,"334":0,"335":0,"336":0,"337":0,"338":0,"339":0,"340":0,"341":0,"342":0,"343":0,"344":0,"345":0,"346":0,"347":0,"348":0,"349":0,"350":0,"351":0,"352":0,"353":0,"354":0,"355":7,"356":7,"357":0,"358":0,"359":0,"360":0,"361":0,"362":7,"363":0,"364":7,"365":7,"366":7,"367":0,"368":0,"369":0,"370":0,"371":7,"372":7,"373":7,"374":7,"375":7,"376":53,"377":7,"378":0,"379":0,"380":0,"381":0,"382":0,"383":0,"384":7,"385":7,"386":7,"387":7,"388":0,"389":0,"390":0,"391":0,"392":0,"393":0,"394":0,"395":0,"396":0,"397":0,"398":0,"399":0,"400":7,"401":7,"402":7,"403":3,"404":0,"405":0,"406":0,"407":0,"408":3,"409":0,"410":7,"411":0,"412":7,"413":1,"414":1,"415":1,"416":3},"f":{"0":1,"1":2,"2":1,"3":1,"4":0,"5":0,"6":0,"7":0,"8":0,"9":1,"10":1,"11":1,"12":3,"13":1,"14":1,"15":0,"16":24,"17":18,"18":10,"19":0,"20":0,"21":0,"22":0,"23":0,"24":1,"25":7,"26":0,"27":1,"28":1,"29":0,"30":3,"31":7,"32":0,"33":3,"34":0,"35":0,"36":3,"37":0,"38":0,"39":0,"40":1,"41":0,"42":0,"43":0,"44":0,"45":0,"46":3,"47":13,"48":6,"49":0,"50":0,"51":0,"52":0,"53":0,"54":0,"55":0,"56":0,"57":0,"58":0,"59":0,"60":0,"61":0,"62":7,"63":7,"64":0,"65":7,"66":3,"67":0,"68":0,"69":0,"70":0,"71":3,"72":0,"73":7,"74":1,"75":3},"b":{"0":[0,2],"1":[1,1],"2":[1,1,1],"3":[0,0],"4":[0,0],"5":[0,0],"6":[0,0,0,0],"7":[0,0],"8":[0,0],"9":[0,0],"10":[0,0],"11":[0,0],"12":[0,0],"13":[0,0],"14":[0,0],"15":[0,0],"16":[0,0],"17":[0,0],"18":[24,18],"19":[42,42],"20":[1,0],"21":[0,0],"22":[0,0],"23":[0,0],"24":[0,0,0],"25":[0,0],"26":[0,0],"27":[0,0],"28":[0,0,0],"29":[0,0],"30":[0,0],"31":[0,0,0],"32":[0,3,0,0,0,0,0,0,0,1,0,3,0,0],"33":[3,0],"34":[0,0],"35":[101,9,1],"36":[0,0],"37":[0,0],"38":[0,0],"39":[0,0],"40":[2,1],"41":[7,0],"42":[0,0],"43":[7,0],"44":[3,0],"45":[0,0,0],"46":[0,3],"47":[0,0],"48":[0,3],"49":[3,3],"50":[3,3,0],"51":[3,0,0],"52":[3,0,0],"53":[3,0,0],"54":[0,3],"55":[0,3],"56":[3,3],"57":[3,3],"58":[3,0],"59":[0,0,0],"60":[0,0],"61":[0,0,0],"62":[0,0],"63":[0,0],"64":[0,0],"65":[3,0],"66":[3,3],"67":[3,0],"68":[3,0],"69":[7,7],"70":[0,7],"71":[7,7],"72":[7,7,0],"73":[0,0],"74":[0,0],"75":[0,0],"76":[0,0],"77":[0,0],"78":[0,7,7,0],"79":[0,0],"80":[0,0],"81":[0,0],"82":[3,4],"83":[0,0],"84":[0,0],"85":[0,0],"86":[0,0],"87":[0,0,0],"88":[0,0],"89":[0,0],"90":[0,0],"91":[0,0],"92":[0,0],"93":[0,0],"94":[0,0],"95":[0,0],"96":[1,0],"97":[0,0],"98":[0,0],"99":[0,0],"100":[0,0],"101":[0,0],"102":[0,0],"103":[0,0],"104":[0,0],"105":[0,0],"106":[0,0,0],"107":[0,0,0],"108":[0,0],"109":[0,0],"110":[0,0],"111":[0,0],"112":[0,0],"113":[0,0],"114":[0,0],"115":[0,0],"116":[0,0],"117":[0,0],"118":[0,3],"119":[0,0,0],"120":[12,1],"121":[1,5],"122":[6,0,0],"123":[15,0],"124":[6,3],"125":[0,0],"126":[0,0],"127":[0,0],"128":[0,0],"129":[0,0],"130":[0,0],"131":[0,0],"132":[0,0],"133":[0,0],"134":[0,0],"135":[0,0],"136":[0,0],"137":[0,0],"138":[0,0],"139":[0,0],"140":[0,0],"141":[0,0],"142":[0,0],"143":[0,0],"144":[0,0],"145":[0,0],"146":[0,0],"147":[0,0],"148":[0,0],"149":[0,0],"150":[0,0,0],"151":[0,0,0],"152":[0,0],"153":[0,0,0,0],"154":[0,0],"155":[0,0,0,0,0],"156":[0,0],"157":[0,0,0,0,0],"158":[0,0],"159":[0,0],"160":[0,0],"161":[0,0],"162":[0,0],"163":[0,0],"164":[0,0],"165":[0,0],"166":[0,0],"167":[0,0],"168":[0,0],"169":[0,0],"170":[0,0],"171":[0,0,0],"172":[0,0],"173":[0,0],"174":[0,0],"175":[0,0],"176":[0,0],"177":[0,0],"178":[0,0],"179":[7,0],"180":[7,0],"181":[0,7],"182":[7,3,0],"183":[0,0],"184":[0,0],"185":[0,7],"186":[7,3],"187":[7,7],"188":[0,7],"189":[7,3,3],"190":[0,0],"191":[0,0],"192":[7,46],"193":[53,7,0],"194":[0,7],"195":[0,0],"196":[0,0],"197":[7,0],"198":[7,0],"199":[7,7],"200":[0,0],"201":[0,0],"202":[0,0,0,0,0,0],"203":[0,0],"204":[0,0],"205":[0,0],"206":[0,0],"207":[0,0,0],"208":[0,0],"209":[0,0,0],"210":[0,0],"211":[0,0],"212":[0,0],"213":[0,0],"214":[0,0],"215":[3,3],"216":[3,3,3,3,3,3,3,3],"217":[0,0],"218":[0,0],"219":[0,0],"220":[3,0],"221":[3,3],"222":[0,7]},"_coverageSchema":"43e27e138ebf9cfc5966b082cf9a028302ed4184","hash":"68865337475e051455296917dcfb167dca7a5257"}
}
