TN:
SF:/mnt/c/tmp/QSP/qsp-core/lib/index.js
FN:1,(anonymous_0)
FN:1,r
FN:1,(anonymous_2)
FN:1,(anonymous_3)
FN:1,(anonymous_4)
FN:1,(anonymous_5)
FN:1,(anonymous_6)
FN:1,(anonymous_7)
FN:1,(anonymous_8)
FN:1,(anonymous_9)
FN:1,(anonymous_10)
FN:1,(anonymous_11)
FN:1,n
FN:1,(anonymous_13)
FN:1,(anonymous_14)
FN:1,t
FN:1,e
FN:1,r
FN:1,i
FN:1,(anonymous_19)
FN:1,(anonymous_20)
FN:1,(anonymous_21)
FN:1,(anonymous_22)
FN:1,(anonymous_23)
FN:1,(anonymous_24)
FN:1,(anonymous_25)
FN:17,t
FN:29,(anonymous_27)
FN:29,(anonymous_28)
FN:29,(anonymous_29)
FN:29,(anonymous_30)
FN:29,y
FN:29,(anonymous_32)
FN:29,(anonymous_33)
FN:29,(anonymous_34)
FN:29,(anonymous_35)
FN:29,(anonymous_36)
FN:29,(anonymous_37)
FN:29,(anonymous_38)
FN:29,(anonymous_39)
FN:29,(anonymous_40)
FN:29,t
FN:29,(anonymous_42)
FN:29,(anonymous_43)
FN:29,(anonymous_44)
FN:29,(anonymous_45)
FN:29,(anonymous_46)
FN:29,(anonymous_47)
FN:29,(anonymous_48)
FN:29,(anonymous_49)
FN:29,(anonymous_50)
FN:29,(anonymous_51)
FN:29,(anonymous_52)
FN:29,(anonymous_53)
FN:29,(anonymous_54)
FN:29,(anonymous_55)
FN:29,(anonymous_56)
FN:29,(anonymous_57)
FN:29,(anonymous_58)
FN:29,(anonymous_59)
FN:29,(anonymous_60)
FN:29,(anonymous_61)
FN:29,(anonymous_62)
FN:29,(anonymous_63)
FN:29,(anonymous_64)
FN:29,(anonymous_65)
FN:29,(anonymous_66)
FN:29,(anonymous_67)
FN:29,(anonymous_68)
FN:29,(anonymous_69)
FN:29,(anonymous_70)
FN:29,(anonymous_71)
FN:29,(anonymous_72)
FN:29,(anonymous_73)
FN:74,o
FN:74,(anonymous_75)
FNF:76
FNH:33
FNDA:1,(anonymous_0)
FNDA:2,r
FNDA:1,(anonymous_2)
FNDA:1,(anonymous_3)
FNDA:0,(anonymous_4)
FNDA:0,(anonymous_5)
FNDA:0,(anonymous_6)
FNDA:0,(anonymous_7)
FNDA:0,(anonymous_8)
FNDA:1,(anonymous_9)
FNDA:1,(anonymous_10)
FNDA:1,(anonymous_11)
FNDA:3,n
FNDA:1,(anonymous_13)
FNDA:1,(anonymous_14)
FNDA:0,t
FNDA:24,e
FNDA:18,r
FNDA:10,i
FNDA:0,(anonymous_19)
FNDA:0,(anonymous_20)
FNDA:0,(anonymous_21)
FNDA:0,(anonymous_22)
FNDA:0,(anonymous_23)
FNDA:1,(anonymous_24)
FNDA:7,(anonymous_25)
FNDA:0,t
FNDA:1,(anonymous_27)
FNDA:1,(anonymous_28)
FNDA:0,(anonymous_29)
FNDA:3,(anonymous_30)
FNDA:7,y
FNDA:0,(anonymous_32)
FNDA:3,(anonymous_33)
FNDA:0,(anonymous_34)
FNDA:0,(anonymous_35)
FNDA:3,(anonymous_36)
FNDA:0,(anonymous_37)
FNDA:0,(anonymous_38)
FNDA:0,(anonymous_39)
FNDA:1,(anonymous_40)
FNDA:0,t
FNDA:0,(anonymous_42)
FNDA:0,(anonymous_43)
FNDA:0,(anonymous_44)
FNDA:0,(anonymous_45)
FNDA:3,(anonymous_46)
FNDA:13,(anonymous_47)
FNDA:6,(anonymous_48)
FNDA:0,(anonymous_49)
FNDA:0,(anonymous_50)
FNDA:0,(anonymous_51)
FNDA:0,(anonymous_52)
FNDA:0,(anonymous_53)
FNDA:0,(anonymous_54)
FNDA:0,(anonymous_55)
FNDA:0,(anonymous_56)
FNDA:0,(anonymous_57)
FNDA:0,(anonymous_58)
FNDA:0,(anonymous_59)
FNDA:0,(anonymous_60)
FNDA:0,(anonymous_61)
FNDA:7,(anonymous_62)
FNDA:7,(anonymous_63)
FNDA:0,(anonymous_64)
FNDA:7,(anonymous_65)
FNDA:3,(anonymous_66)
FNDA:0,(anonymous_67)
FNDA:0,(anonymous_68)
FNDA:0,(anonymous_69)
FNDA:0,(anonymous_70)
FNDA:3,(anonymous_71)
FNDA:0,(anonymous_72)
FNDA:7,(anonymous_73)
FNDA:1,o
FNDA:3,(anonymous_75)
DA:1,235
DA:3,0
DA:5,3
DA:7,0
DA:9,0
DA:11,0
DA:13,0
DA:15,0
DA:17,0
DA:19,0
DA:21,1
DA:23,0
DA:25,3
DA:27,0
DA:29,111
DA:32,7
DA:74,3
LF:17
LH:7
BRDA:1,0,0,0
BRDA:1,0,1,2
BRDA:1,1,0,1
BRDA:1,1,1,1
BRDA:1,2,0,1
BRDA:1,2,1,1
BRDA:1,2,2,1
BRDA:1,3,0,0
BRDA:1,3,1,0
BRDA:1,4,0,0
BRDA:1,4,1,0
BRDA:1,5,0,0
BRDA:1,5,1,0
BRDA:1,6,0,0
BRDA:1,6,1,0
BRDA:1,6,2,0
BRDA:1,6,3,0
BRDA:1,7,0,0
BRDA:1,7,1,0
BRDA:1,8,0,0
BRDA:1,8,1,0
BRDA:1,9,0,0
BRDA:1,9,1,0
BRDA:1,10,0,0
BRDA:1,10,1,0
BRDA:1,11,0,0
BRDA:1,11,1,0
BRDA:1,12,0,0
BRDA:1,12,1,0
BRDA:1,13,0,0
BRDA:1,13,1,0
BRDA:1,14,0,0
BRDA:1,14,1,0
BRDA:1,15,0,0
BRDA:1,15,1,0
BRDA:1,16,0,0
BRDA:1,16,1,0
BRDA:1,17,0,0
BRDA:1,17,1,0
BRDA:1,18,0,24
BRDA:1,18,1,18
BRDA:1,19,0,42
BRDA:1,19,1,42
BRDA:1,20,0,1
BRDA:1,20,1,0
BRDA:1,21,0,0
BRDA:1,21,1,0
BRDA:1,22,0,0
BRDA:1,22,1,0
BRDA:1,23,0,0
BRDA:1,23,1,0
BRDA:1,24,0,0
BRDA:1,24,1,0
BRDA:1,24,2,0
BRDA:1,25,0,0
BRDA:1,25,1,0
BRDA:1,26,0,0
BRDA:1,26,1,0
BRDA:1,27,0,0
BRDA:1,27,1,0
BRDA:1,28,0,0
BRDA:1,28,1,0
BRDA:1,28,2,0
BRDA:1,29,0,0
BRDA:1,29,1,0
BRDA:1,30,0,0
BRDA:1,30,1,0
BRDA:1,31,0,0
BRDA:1,31,1,0
BRDA:1,31,2,0
BRDA:1,32,0,0
BRDA:1,32,1,3
BRDA:1,32,2,0
BRDA:1,32,3,0
BRDA:1,32,4,0
BRDA:1,32,5,0
BRDA:1,32,6,0
BRDA:1,32,7,0
BRDA:1,32,8,0
BRDA:1,32,9,1
BRDA:1,32,10,0
BRDA:1,32,11,3
BRDA:1,32,12,0
BRDA:1,32,13,0
BRDA:5,33,0,3
BRDA:5,33,1,0
BRDA:17,34,0,0
BRDA:17,34,1,0
BRDA:29,35,0,101
BRDA:29,35,1,9
BRDA:29,35,2,1
BRDA:29,36,0,0
BRDA:29,36,1,0
BRDA:29,37,0,0
BRDA:29,37,1,0
BRDA:29,38,0,0
BRDA:29,38,1,0
BRDA:29,39,0,0
BRDA:29,39,1,0
BRDA:29,40,0,2
BRDA:29,40,1,1
BRDA:29,41,0,7
BRDA:29,41,1,0
BRDA:29,42,0,0
BRDA:29,42,1,0
BRDA:29,43,0,7
BRDA:29,43,1,0
BRDA:29,44,0,3
BRDA:29,44,1,0
BRDA:29,45,0,0
BRDA:29,45,1,0
BRDA:29,45,2,0
BRDA:29,46,0,0
BRDA:29,46,1,3
BRDA:29,47,0,0
BRDA:29,47,1,0
BRDA:29,48,0,0
BRDA:29,48,1,3
BRDA:29,49,0,3
BRDA:29,49,1,3
BRDA:29,50,0,3
BRDA:29,50,1,3
BRDA:29,50,2,0
BRDA:29,51,0,3
BRDA:29,51,1,0
BRDA:29,51,2,0
BRDA:29,52,0,3
BRDA:29,52,1,0
BRDA:29,52,2,0
BRDA:29,53,0,3
BRDA:29,53,1,0
BRDA:29,53,2,0
BRDA:29,54,0,0
BRDA:29,54,1,3
BRDA:29,55,0,0
BRDA:29,55,1,3
BRDA:29,56,0,3
BRDA:29,56,1,3
BRDA:29,57,0,3
BRDA:29,57,1,3
BRDA:29,58,0,3
BRDA:29,58,1,0
BRDA:29,59,0,0
BRDA:29,59,1,0
BRDA:29,59,2,0
BRDA:29,60,0,0
BRDA:29,60,1,0
BRDA:29,61,0,0
BRDA:29,61,1,0
BRDA:29,61,2,0
BRDA:29,62,0,0
BRDA:29,62,1,0
BRDA:29,63,0,0
BRDA:29,63,1,0
BRDA:29,64,0,0
BRDA:29,64,1,0
BRDA:29,65,0,3
BRDA:29,65,1,0
BRDA:29,66,0,3
BRDA:29,66,1,3
BRDA:29,67,0,3
BRDA:29,67,1,0
BRDA:29,68,0,3
BRDA:29,68,1,0
BRDA:29,69,0,7
BRDA:29,69,1,7
BRDA:29,70,0,0
BRDA:29,70,1,7
BRDA:29,71,0,7
BRDA:29,71,1,7
BRDA:29,72,0,7
BRDA:29,72,1,7
BRDA:29,72,2,0
BRDA:29,73,0,0
BRDA:29,73,1,0
BRDA:29,74,0,0
BRDA:29,74,1,0
BRDA:29,75,0,0
BRDA:29,75,1,0
BRDA:29,76,0,0
BRDA:29,76,1,0
BRDA:29,77,0,0
BRDA:29,77,1,0
BRDA:29,78,0,0
BRDA:29,78,1,7
BRDA:29,78,2,7
BRDA:29,78,3,0
BRDA:29,79,0,0
BRDA:29,79,1,0
BRDA:29,80,0,0
BRDA:29,80,1,0
BRDA:29,81,0,0
BRDA:29,81,1,0
BRDA:29,82,0,3
BRDA:29,82,1,4
BRDA:29,83,0,0
BRDA:29,83,1,0
BRDA:29,84,0,0
BRDA:29,84,1,0
BRDA:29,85,0,0
BRDA:29,85,1,0
BRDA:29,86,0,0
BRDA:29,86,1,0
BRDA:29,87,0,0
BRDA:29,87,1,0
BRDA:29,87,2,0
BRDA:29,88,0,0
BRDA:29,88,1,0
BRDA:29,89,0,0
BRDA:29,89,1,0
BRDA:29,90,0,0
BRDA:29,90,1,0
BRDA:29,91,0,0
BRDA:29,91,1,0
BRDA:29,92,0,0
BRDA:29,92,1,0
BRDA:29,93,0,0
BRDA:29,93,1,0
BRDA:29,94,0,0
BRDA:29,94,1,0
BRDA:29,95,0,0
BRDA:29,95,1,0
BRDA:29,96,0,1
BRDA:29,96,1,0
BRDA:29,97,0,0
BRDA:29,97,1,0
BRDA:29,98,0,0
BRDA:29,98,1,0
BRDA:29,99,0,0
BRDA:29,99,1,0
BRDA:29,100,0,0
BRDA:29,100,1,0
BRDA:29,101,0,0
BRDA:29,101,1,0
BRDA:29,102,0,0
BRDA:29,102,1,0
BRDA:29,103,0,0
BRDA:29,103,1,0
BRDA:29,104,0,0
BRDA:29,104,1,0
BRDA:29,105,0,0
BRDA:29,105,1,0
BRDA:29,106,0,0
BRDA:29,106,1,0
BRDA:29,106,2,0
BRDA:29,107,0,0
BRDA:29,107,1,0
BRDA:29,107,2,0
BRDA:29,108,0,0
BRDA:29,108,1,0
BRDA:29,109,0,0
BRDA:29,109,1,0
BRDA:29,110,0,0
BRDA:29,110,1,0
BRDA:29,111,0,0
BRDA:29,111,1,0
BRDA:29,112,0,0
BRDA:29,112,1,0
BRDA:29,113,0,0
BRDA:29,113,1,0
BRDA:29,114,0,0
BRDA:29,114,1,0
BRDA:29,115,0,0
BRDA:29,115,1,0
BRDA:29,116,0,0
BRDA:29,116,1,0
BRDA:29,117,0,0
BRDA:29,117,1,0
BRDA:29,118,0,0
BRDA:29,118,1,3
BRDA:29,119,0,0
BRDA:29,119,1,0
BRDA:29,119,2,0
BRDA:29,120,0,12
BRDA:29,120,1,1
BRDA:29,121,0,1
BRDA:29,121,1,5
BRDA:29,122,0,6
BRDA:29,122,1,0
BRDA:29,122,2,0
BRDA:29,123,0,15
BRDA:29,123,1,0
BRDA:29,124,0,6
BRDA:29,124,1,3
BRDA:29,125,0,0
BRDA:29,125,1,0
BRDA:29,126,0,0
BRDA:29,126,1,0
BRDA:29,127,0,0
BRDA:29,127,1,0
BRDA:29,128,0,0
BRDA:29,128,1,0
BRDA:29,129,0,0
BRDA:29,129,1,0
BRDA:29,130,0,0
BRDA:29,130,1,0
BRDA:29,131,0,0
BRDA:29,131,1,0
BRDA:29,132,0,0
BRDA:29,132,1,0
BRDA:29,133,0,0
BRDA:29,133,1,0
BRDA:29,134,0,0
BRDA:29,134,1,0
BRDA:29,135,0,0
BRDA:29,135,1,0
BRDA:29,136,0,0
BRDA:29,136,1,0
BRDA:29,137,0,0
BRDA:29,137,1,0
BRDA:29,138,0,0
BRDA:29,138,1,0
BRDA:29,139,0,0
BRDA:29,139,1,0
BRDA:29,140,0,0
BRDA:29,140,1,0
BRDA:29,141,0,0
BRDA:29,141,1,0
BRDA:29,142,0,0
BRDA:29,142,1,0
BRDA:29,143,0,0
BRDA:29,143,1,0
BRDA:29,144,0,0
BRDA:29,144,1,0
BRDA:29,145,0,0
BRDA:29,145,1,0
BRDA:29,146,0,0
BRDA:29,146,1,0
BRDA:29,147,0,0
BRDA:29,147,1,0
BRDA:29,148,0,0
BRDA:29,148,1,0
BRDA:29,149,0,0
BRDA:29,149,1,0
BRDA:29,150,0,0
BRDA:29,150,1,0
BRDA:29,150,2,0
BRDA:29,151,0,0
BRDA:29,151,1,0
BRDA:29,151,2,0
BRDA:29,152,0,0
BRDA:29,152,1,0
BRDA:29,153,0,0
BRDA:29,153,1,0
BRDA:29,153,2,0
BRDA:29,153,3,0
BRDA:29,154,0,0
BRDA:29,154,1,0
BRDA:29,155,0,0
BRDA:29,155,1,0
BRDA:29,155,2,0
BRDA:29,155,3,0
BRDA:29,155,4,0
BRDA:29,156,0,0
BRDA:29,156,1,0
BRDA:29,157,0,0
BRDA:29,157,1,0
BRDA:29,157,2,0
BRDA:29,157,3,0
BRDA:29,157,4,0
BRDA:29,158,0,0
BRDA:29,158,1,0
BRDA:29,159,0,0
BRDA:29,159,1,0
BRDA:29,160,0,0
BRDA:29,160,1,0
BRDA:29,161,0,0
BRDA:29,161,1,0
BRDA:29,162,0,0
BRDA:29,162,1,0
BRDA:29,163,0,0
BRDA:29,163,1,0
BRDA:29,164,0,0
BRDA:29,164,1,0
BRDA:29,165,0,0
BRDA:29,165,1,0
BRDA:29,166,0,0
BRDA:29,166,1,0
BRDA:29,167,0,0
BRDA:29,167,1,0
BRDA:29,168,0,0
BRDA:29,168,1,0
BRDA:29,169,0,0
BRDA:29,169,1,0
BRDA:29,170,0,0
BRDA:29,170,1,0
BRDA:29,171,0,0
BRDA:29,171,1,0
BRDA:29,171,2,0
BRDA:29,172,0,0
BRDA:29,172,1,0
BRDA:29,173,0,0
BRDA:29,173,1,0
BRDA:29,174,0,0
BRDA:29,174,1,0
BRDA:29,175,0,0
BRDA:29,175,1,0
BRDA:29,176,0,0
BRDA:29,176,1,0
BRDA:29,177,0,0
BRDA:29,177,1,0
BRDA:29,178,0,0
BRDA:29,178,1,0
BRDA:29,179,0,7
BRDA:29,179,1,0
BRDA:29,180,0,7
BRDA:29,180,1,0
BRDA:29,181,0,0
BRDA:29,181,1,7
BRDA:29,182,0,7
BRDA:29,182,1,3
BRDA:29,182,2,0
BRDA:29,183,0,0
BRDA:29,183,1,0
BRDA:29,184,0,0
BRDA:29,184,1,0
BRDA:29,185,0,0
BRDA:29,185,1,7
BRDA:29,186,0,7
BRDA:29,186,1,3
BRDA:29,187,0,7
BRDA:29,187,1,7
BRDA:29,188,0,0
BRDA:29,188,1,7
BRDA:29,189,0,7
BRDA:29,189,1,3
BRDA:29,189,2,3
BRDA:29,190,0,0
BRDA:29,190,1,0
BRDA:29,191,0,0
BRDA:29,191,1,0
BRDA:29,192,0,7
BRDA:29,192,1,46
BRDA:29,193,0,53
BRDA:29,193,1,7
BRDA:29,193,2,0
BRDA:29,194,0,0
BRDA:29,194,1,7
BRDA:29,195,0,0
BRDA:29,195,1,0
BRDA:29,196,0,0
BRDA:29,196,1,0
BRDA:29,197,0,7
BRDA:29,197,1,0
BRDA:29,198,0,7
BRDA:29,198,1,0
BRDA:29,199,0,7
BRDA:29,199,1,7
BRDA:29,200,0,0
BRDA:29,200,1,0
BRDA:29,201,0,0
BRDA:29,201,1,0
BRDA:29,202,0,0
BRDA:29,202,1,0
BRDA:29,202,2,0
BRDA:29,202,3,0
BRDA:29,202,4,0
BRDA:29,202,5,0
BRDA:29,203,0,0
BRDA:29,203,1,0
BRDA:29,204,0,0
BRDA:29,204,1,0
BRDA:29,205,0,0
BRDA:29,205,1,0
BRDA:29,206,0,0
BRDA:29,206,1,0
BRDA:29,207,0,0
BRDA:29,207,1,0
BRDA:29,207,2,0
BRDA:29,208,0,0
BRDA:29,208,1,0
BRDA:29,209,0,0
BRDA:29,209,1,0
BRDA:29,209,2,0
BRDA:29,210,0,0
BRDA:29,210,1,0
BRDA:29,211,0,0
BRDA:29,211,1,0
BRDA:29,212,0,0
BRDA:29,212,1,0
BRDA:29,213,0,0
BRDA:29,213,1,0
BRDA:29,214,0,0
BRDA:29,214,1,0
BRDA:29,215,0,3
BRDA:29,215,1,3
BRDA:29,216,0,3
BRDA:29,216,1,3
BRDA:29,216,2,3
BRDA:29,216,3,3
BRDA:29,216,4,3
BRDA:29,216,5,3
BRDA:29,216,6,3
BRDA:29,216,7,3
BRDA:29,217,0,0
BRDA:29,217,1,0
BRDA:29,218,0,0
BRDA:29,218,1,0
BRDA:29,219,0,0
BRDA:29,219,1,0
BRDA:29,220,0,3
BRDA:29,220,1,0
BRDA:29,221,0,3
BRDA:29,221,1,3
BRDA:29,222,0,0
BRDA:29,222,1,7
BRF:506
BRH:102
end_of_record
